SQL  2025/01/16 14:19:00 SQL Database 連線成功
排程  2025/01/16 14:19:00 target2 ,logDetectTest, 初始化成功
排程  2025/01/16 14:19:00 IIS ,asa, 初始化成功
排程  2025/01/16 14:22:31 IIS ,asa, 初始化成功
排程  2025/01/16 14:22:31 IIS ,test, 初始化成功
排程  2025/01/16 14:24:26 IIS ,asa, 初始化成功
SQL  2025/01/16 14:33:49 SQL Database 連線成功
排程  2025/01/16 14:33:49 target2 ,logDetectTest, 初始化成功
排程  2025/01/16 14:33:49 IIS ,asa, 初始化成功
排程  2025/01/16 14:33:59 IIS ,asa, 初始化成功
排程  2025/01/16 14:33:59 IIS ,test, 初始化成功
排程  2025/01/16 14:34:11 IIS ,asa, 初始化成功
SQL  2025/01/16 14:44:52 SQL Database 連線成功
排程  2025/01/16 14:44:52 target2 ,logDetectTest, 初始化成功
排程  2025/01/16 14:44:52 IIS ,asa, 初始化成功
排程  2025/01/16 14:46:14 IIS ,asa, 初始化成功
排程  2025/01/16 14:46:14 IIS ,test, 初始化成功
排程  2025/01/16 14:48:12 IIS ,asa, 初始化成功
SQL  2025/01/16 15:33:35 SQL Database 連線成功
排程  2025/01/16 15:33:36 target2 ,logDetectTest, 初始化成功
排程  2025/01/16 15:33:36 IIS ,asa, 初始化成功
排程  2025/01/16 15:34:22 IIS ,asa, 初始化成功
排程  2025/01/16 15:34:22 IIS ,test, 初始化成功
排程  2025/01/16 15:34:34 IIS ,asa, 初始化成功
排程  2025/01/16 15:41:04 IIS ,asa, 初始化成功
排程  2025/01/16 15:41:04 IIS ,test, 初始化成功
排程  2025/01/16 15:43:31 IIS ,asa, 初始化成功
SQL  2025/01/16 16:09:21 SQL Database 連線成功
排程  2025/01/16 16:09:21 target2 ,logDetectTest, 初始化成功
排程  2025/01/16 16:09:21 IIS ,asa, 初始化成功
SQL  2025/01/16 17:54:34 SQL Database 連線成功
排程  2025/01/16 17:54:34 標的名稱: target2 ,日誌名稱: logDetectTest , 初始化成功
排程  2025/01/16 17:54:34 標的名稱: IIS ,日誌名稱: asa1 , 初始化成功
SQL  2025/01/16 18:09:21 SQL Database 連線成功
排程  2025/01/16 18:09:21 標的名稱: target2 ,日誌名稱: logDetectTest , 初始化成功
排程  2025/01/16 18:09:21 標的名稱: IIS ,日誌名稱: asa12345 , 初始化成功
SQL  2025/01/16 18:11:37 SQL Database 連線成功
排程  2025/01/16 18:11:38 標的名稱: target2 ,日誌名稱: logDetectTest , 初始化成功
排程  2025/01/16 18:11:38 標的名稱: IIS ,日誌名稱: asa123 , 初始化成功
排程  2025/01/16 18:12:56 標的名稱: IIS ,日誌名稱: asa1234 , 初始化成功
排程  2025/01/16 18:16:10 標的名稱: IIS ,日誌名稱: asa_test , 初始化成功
SQL  2025/01/17 11:01:49 SQL Database 連線成功
排程  2025/01/17 11:01:49 標的名稱: target2 ,日誌名稱: logDetectTest , 初始化成功
排程  2025/01/17 11:01:49 標的名稱: IIS ,日誌名稱: asa_test , 初始化成功
SQL  2025/01/17 11:17:37 SQL Database 連線成功
排程  2025/01/17 11:17:37 標的名稱: target2 ,日誌名稱: logDetectTest , 初始化成功
排程  2025/01/17 11:17:37 標的名稱: IIS ,日誌名稱: asa_test , 初始化成功
SQL  2025/01/17 11:18:51 SQL Database 連線成功
排程  2025/01/17 11:18:51 標的名稱: target2 ,日誌名稱: logDetectTest , 初始化成功
排程  2025/01/17 11:18:51 標的名稱: IIS ,日誌名稱: asa_test , 初始化成功
SQL  2025/01/17 11:48:58 SQL Database 連線成功
排程  2025/01/17 11:48:58 標的名稱: target2 ,日誌名稱: logDetectTest , 初始化成功
排程  2025/01/17 11:48:58 標的名稱: IIS ,日誌名稱: asa_test , 初始化成功
排程  2025/01/17 11:49:47 標的名稱: IIS ,日誌名稱: asa_test , 初始化成功
SQL  2025/01/22 10:51:49 SQL Database 連線成功
排程  2025/01/22 10:51:50 標的名稱: target2 ,日誌名稱: logDetectTest , 初始化成功
排程  2025/01/22 10:51:50 標的名稱: IIS ,日誌名稱: asa_test , 初始化成功
