SQL  2024/03/01 20:44:58 SQL Database 連線成功
排程  2024/03/01 20:44:58 log-detect-test001 ,waf, 初始化成功
排程  2024/03/01 20:44:58 log-detect-test001 ,waf-firewall, 初始化成功
SQL  2024/03/04 13:37:08 SQL Database 連線成功
SQL  2024/03/04 13:41:17 SQL Database 連線成功
SQL  2024/03/04 13:41:39 SQL Database 連線成功
SQL  2024/03/04 13:42:54 SQL Database 連線成功
SQL  2024/03/04 13:48:54 SQL Database 連線成功
排程  2024/03/04 13:48:54 log-detect-test001 ,waf, 初始化成功
排程  2024/03/04 13:48:54 log-detect-test001 ,waf-firewall, 初始化成功
SQL  2024/03/04 14:09:38 SQL Database 連線成功
排程  2024/03/04 14:09:38 log-detect-test001 ,waf, 初始化成功
排程  2024/03/04 14:09:38 log-detect-test001 ,waf-firewall, 初始化成功
SQL  2024/03/04 14:14:33 SQL Database 連線成功
排程  2024/03/04 14:14:33 log-detect-test001 ,waf, 初始化成功
排程  2024/03/04 14:14:33 log-detect-test001 ,waf-firewall, 初始化成功
SQL  2024/03/04 14:17:22 SQL Database 連線成功
排程  2024/03/04 14:17:22 log-detect-test001 ,waf, 初始化成功
排程  2024/03/04 14:17:22 log-detect-test001 ,waf-firewall, 初始化成功
SQL  2024/03/04 14:22:49 SQL Database 連線成功
排程  2024/03/04 14:22:49 log-detect-test001 ,waf, 初始化成功
排程  2024/03/04 14:22:49 log-detect-test001 ,waf-firewall, 初始化成功
SQL  2024/03/04 17:23:31 SQL Database 連線成功
排程  2024/03/04 17:23:31 log-detect-test001 ,waf, 初始化成功
排程  2024/03/04 17:23:31 log-detect-test001 ,waf-firewall, 初始化成功
SQL  2024/03/04 17:35:45 SQL Database 連線成功
排程  2024/03/04 17:35:45 log-detect-test001 ,waf, 初始化成功
排程  2024/03/04 17:35:45 log-detect-test001 ,waf-firewall, 初始化成功
SQL  2024/03/05 11:44:31 SQL Database 連線成功
排程  2024/03/05 11:44:31 log-detect-test001 ,waf, 初始化成功
排程  2024/03/05 11:44:31 log-detect-test001 ,waf-firewall, 初始化成功
SQL  2024/03/05 14:48:25 SQL Database 連線成功
排程  2024/03/05 14:48:25 log-detect-test001 ,waf, 初始化成功
排程  2024/03/05 14:48:25 log-detect-test001 ,waf-firewall, 初始化成功
SQL  2024/03/06 13:18:52 SQL Database 連線成功
排程  2024/03/06 13:18:52 log-detect-test001 ,waf, 初始化成功
排程  2024/03/06 13:18:52 log-detect-test001 ,waf-firewall, 初始化成功
SQL  2024/03/06 20:29:52 SQL Database 連線成功
SQL  2024/03/06 20:33:54 SQL Database 連線成功
SQL  2024/03/06 20:45:47 SQL Database 連線成功
SQL  2024/03/07 15:11:32 SQL Database 連線成功
SQL  2024/03/07 15:14:10 SQL Database 連線成功
SQL  2024/03/07 15:14:31 SQL Database 連線成功
SQL  2024/03/07 16:09:28 SQL Database 連線成功
SQL  2024/03/07 16:30:15 SQL Database 連線成功
SQL  2024/03/07 16:32:28 SQL Database 連線成功
SQL  2024/03/07 16:33:30 SQL Database 連線成功
排程  2024/03/07 17:30:10 log-detect-test001 ,waf, 初始化成功
排程  2024/03/07 17:30:10 log-detect-test001 ,waf-firewall, 初始化成功
SQL  2024/03/07 19:32:47 SQL Database 連線成功
排程  2024/03/07 19:32:47 log-detect-test001 ,waf, 初始化成功
排程  2024/03/07 19:32:47 log-detect-test001 ,waf-firewall, 初始化成功
ERROR 2024/03/07 19:40:00 error querying duplicate devices
ERROR 2024/03/07 19:45:00 error querying duplicate devices
ERROR 2024/03/07 19:50:00 error querying duplicate devices
ERROR 2024/03/07 20:04:53 error querying duplicate devices
ERROR 2024/03/07 20:04:53 error querying duplicate devices
SQL  2024/03/08 11:38:01 SQL Database 連線成功
排程  2024/03/08 11:38:01 log-detect-test001 ,waf, 初始化成功
排程  2024/03/08 11:38:01 log-detect-test001 ,waf-firewall, 初始化成功
ERROR 2024/03/08 11:39:37 error querying device group counts
ERROR 2024/03/08 11:39:42 error querying device group counts
ERROR 2024/03/08 11:39:42 error querying device group counts
ERROR 2024/03/08 11:39:45 error querying device group counts
ERROR 2024/03/08 11:42:29 error querying device group counts
SQL  2024/03/08 11:44:17 SQL Database 連線成功
排程  2024/03/08 11:44:17 log-detect-test001 ,waf, 初始化成功
排程  2024/03/08 11:44:17 log-detect-test001 ,waf-firewall, 初始化成功
SQL  2024/03/13 16:23:28 SQL Database 連線成功
排程  2024/03/13 16:23:28 log-detect-test001 ,waf, 初始化成功
排程  2024/03/13 16:23:28 log-detect-test001 ,some-fire-log, 初始化成功
排程  2024/03/13 16:23:28 log-detect-test001 ,some-fire-log, 初始化成功
SQL  2024/03/14 11:15:09 SQL Database 連線成功
排程  2024/03/14 11:15:09 log-detect-test001 ,some-fire-log, 初始化成功
排程  2024/03/14 11:15:09 log-detect-test001 ,some-fire-log, 初始化成功
SQL  2024/03/14 15:09:06 SQL Database 連線成功
SQL  2024/03/14 15:48:40 SQL Database 連線成功
排程  2024/03/14 15:48:40 target1 ,some-fire-log, 初始化成功
排程  2024/03/14 15:48:41 target1 ,some-fire-log, 初始化成功
排程  2024/03/14 15:48:41 target1 ,some-fire-logd, 初始化成功
SQL  2024/03/14 15:57:57 SQL Database 連線成功
排程  2024/03/14 15:57:57 target1 ,some-fire-log, 初始化成功
排程  2024/03/14 15:57:57 target1 ,some-fire-log, 初始化成功
排程  2024/03/14 15:59:10 target1 ,some-fire-logsdsd, 初始化成功
SQL  2024/03/14 16:01:26 SQL Database 連線成功
排程  2024/03/14 16:01:26 target1 ,some-fire-logsdsd, 初始化成功
SQL  2024/03/14 16:14:04 SQL Database 連線成功
排程  2024/03/14 16:21:01 target1 ,some-fire-log, 初始化成功
SQL  2024/03/14 16:32:18 SQL Database 連線成功
排程  2024/03/14 16:34:52 target1 ,some-fire-log, 初始化成功
排程  2024/03/14 16:35:21 target1 ,some-fire-log, 初始化成功
排程  2024/03/14 17:09:57 target1 ,some-fire-log, 初始化成功
排程  2024/03/14 17:09:57 target1 ,some-fire-log, 初始化成功
SQL  2024/03/14 17:15:34 SQL Database 連線成功
SQL  2024/03/14 17:17:49 SQL Database 連線成功
SQL  2024/03/14 17:22:33 SQL Database 連線成功
SQL  2024/03/14 17:23:01 SQL Database 連線成功
SQL  2024/03/14 17:26:57 SQL Database 連線成功
SQL  2024/03/14 17:28:05 SQL Database 連線成功
SQL  2024/03/14 17:28:26 SQL Database 連線成功
SQL  2024/03/14 17:28:56 SQL Database 連線成功
SQL  2024/03/14 17:29:47 SQL Database 連線成功
排程  2024/03/14 17:29:47 target1 ,some-fire-log, 初始化成功
排程  2024/03/14 17:29:47 target1 ,some-fire-log, 初始化成功
排程  2024/03/14 17:42:46 target2 ,some-fire-log, 初始化成功
排程  2024/03/14 19:14:53 target2 ,some-fire-log, 初始化成功
排程  2024/03/14 19:17:33 target2 ,some-fire-log, 初始化成功
排程  2024/03/14 19:17:33 target2 ,some-fire-log, 初始化成功
排程  2024/03/14 19:22:03 target2 ,some-fire-log, 初始化成功
排程  2024/03/14 19:22:03 target2 ,some-fire-log, 初始化成功
排程  2024/03/14 19:23:04 target2 ,some-fire-log, 初始化成功
排程  2024/03/14 19:23:04 target2 ,some-fire-log, 初始化成功
排程  2024/03/14 19:23:25 target2 ,some-fire-log, 初始化成功
排程  2024/03/14 19:23:25 target2 ,some-fire-log, 初始化成功
排程  2024/03/14 19:23:40 target2 ,some-fire-log , 初始化失敗
ERROR  2024/03/14 19:23:40 empty spec string
排程  2024/03/14 19:23:40 target2 ,some-fire-log, 初始化成功
排程  2024/03/14 19:23:59 target2 ,some-fire-log , 初始化失敗
ERROR  2024/03/14 19:23:59 empty spec string
排程  2024/03/14 19:23:59 target2 ,some-fire-log, 初始化成功
排程  2024/03/14 19:45:09 target2 ,some-fire-log , 初始化失敗
ERROR  2024/03/14 19:45:09 empty spec string
排程  2024/03/14 19:45:09 target2 ,some-fire-log, 初始化成功
排程  2024/03/14 19:45:12 target2 ,some-fire-log , 初始化失敗
ERROR  2024/03/14 19:45:12 empty spec string
排程  2024/03/14 19:45:12 target2 ,some-fire-log, 初始化成功
排程  2024/03/14 19:47:26 target2 ,some-fire-log , 初始化失敗
ERROR  2024/03/14 19:47:26 empty spec string
排程  2024/03/14 19:47:26 target2 ,some-fire-log, 初始化成功
排程  2024/03/14 19:47:29 target2 ,some-fire-log , 初始化失敗
ERROR  2024/03/14 19:47:29 empty spec string
排程  2024/03/14 19:47:29 target2 ,some-fire-log, 初始化成功
排程  2024/03/14 19:47:31 target2 ,some-fire-log , 初始化失敗
ERROR  2024/03/14 19:47:31 empty spec string
排程  2024/03/14 19:47:31 target2 ,some-fire-log, 初始化成功
排程  2024/03/14 19:47:53 target2 ,some-fire-log , 初始化失敗
ERROR  2024/03/14 19:47:53 empty spec string
排程  2024/03/14 19:47:53 target2 ,some-fire-log, 初始化成功
排程  2024/03/14 19:52:22 target2 ,some-fire-log , 初始化失敗
ERROR  2024/03/14 19:52:22 empty spec string
排程  2024/03/14 19:52:22 target2 ,some-fire-log, 初始化成功
排程  2024/03/14 19:52:37 target2 ,some-fire-log , 初始化失敗
ERROR  2024/03/14 19:52:37 empty spec string
排程  2024/03/14 19:52:37 target2 ,some-fire-log, 初始化成功
排程  2024/03/14 19:53:00 target2 ,some-fire-log , 初始化失敗
ERROR  2024/03/14 19:53:00 empty spec string
排程  2024/03/14 19:53:00 target2 ,some-fire-log, 初始化成功
排程  2024/03/14 19:53:47 target2 ,some-fire-log , 初始化失敗
ERROR  2024/03/14 19:53:47 empty spec string
排程  2024/03/14 19:53:47 target2 ,some-fire-log, 初始化成功
排程  2024/03/14 19:54:42 target2 ,some-fire-log , 初始化失敗
ERROR  2024/03/14 19:54:42 empty spec string
排程  2024/03/14 19:54:42 target2 ,some-fire-log, 初始化成功
排程  2024/03/14 19:54:52 target2 ,some-fire-log , 初始化失敗
ERROR  2024/03/14 19:54:52 empty spec string
排程  2024/03/14 19:54:52 target2 ,some-fire-log, 初始化成功
排程  2024/03/14 19:55:01 target2 ,some-fire-log , 初始化失敗
ERROR  2024/03/14 19:55:01 empty spec string
排程  2024/03/14 19:55:01 target2 ,some-fire-log, 初始化成功
排程  2024/03/14 19:57:26 target2 ,some-fire-log , 初始化失敗
ERROR  2024/03/14 19:57:26 empty spec string
排程  2024/03/14 19:57:26 target2 ,some-fire-log, 初始化成功
排程  2024/03/14 19:57:34 target2 ,some-fire-log , 初始化失敗
ERROR  2024/03/14 19:57:34 empty spec string
排程  2024/03/14 19:57:34 target2 ,some-fire-log, 初始化成功
排程  2024/03/14 20:02:38 target2 ,some-fire-log, 初始化成功
排程  2024/03/14 20:02:38 target2 ,some-fire-log, 初始化成功
排程  2024/03/14 20:03:06 target2 ,some-fire-log, 初始化成功
排程  2024/03/14 20:03:06 target2 ,some-fire-log, 初始化成功
排程  2024/03/14 20:03:10 target2 ,some-fire-log, 初始化成功
排程  2024/03/14 20:03:10 target2 ,some-fire-log, 初始化成功
排程  2024/03/14 20:03:16 target2 ,some-fire-log, 初始化成功
排程  2024/03/14 20:03:16 target2 ,some-fire-log, 初始化成功
排程  2024/03/14 20:04:48 target2 ,some-fire-log, 初始化成功
排程  2024/03/14 20:04:48 target2 ,some-fire-log, 初始化成功
排程  2024/03/14 20:05:04 target2 ,some-fire-log, 初始化成功
排程  2024/03/14 20:05:04 target2 ,some-fire-log, 初始化成功
SQL  2024/03/15 12:59:29 SQL Database 連線成功
排程  2024/03/15 12:59:30 target2 ,some-fire-log, 初始化成功
排程  2024/03/15 12:59:30 target2 ,some-fire-log, 初始化成功
排程  2024/03/15 13:16:53 target2 ,some-fire-log, 初始化成功
排程  2024/03/15 13:16:53 target2 ,some-fire-log, 初始化成功
排程  2024/03/15 13:17:13 target2 ,some-fire-log, 初始化成功
排程  2024/03/15 13:17:13 target2 ,some-fire-log, 初始化成功
排程  2024/03/15 13:17:36 target2 ,some-fire-log, 初始化成功
排程  2024/03/15 13:17:36 target2 ,some-fire-log, 初始化成功
排程  2024/03/15 13:17:45 target2 ,some-fire-log, 初始化成功
排程  2024/03/15 13:17:45 target2 ,some-fire-log, 初始化成功
排程  2024/03/15 13:18:27 target2 ,some-fire-log, 初始化成功
排程  2024/03/15 13:18:27 target2 ,some-fire-log, 初始化成功
排程  2024/03/15 13:19:21 target2 ,some-fire-log, 初始化成功
排程  2024/03/15 13:19:22 target2 ,some-fire-log, 初始化成功
排程  2024/03/15 13:19:53 target2 ,some-fire-log, 初始化成功
排程  2024/03/15 13:19:53 target2 ,some-fire-log, 初始化成功
排程  2024/03/15 13:30:33 target2 ,some-fire-log, 初始化成功
排程  2024/03/15 13:30:33 target2 ,some-fire-log, 初始化成功
排程  2024/03/15 13:30:49 target2 ,some-fire-log, 初始化成功
排程  2024/03/15 13:30:49 target2 ,some-fire-log, 初始化成功
排程  2024/03/15 13:31:05 target2 ,some-fire-log, 初始化成功
排程  2024/03/15 13:31:05 target2 ,some-fire-log, 初始化成功
排程  2024/03/15 13:31:20 target2 ,some-fire-log, 初始化成功
排程  2024/03/15 13:31:21 target2 ,some-fire-log, 初始化成功
排程  2024/03/15 13:31:30 target2 ,some-fire-log, 初始化成功
排程  2024/03/15 13:31:30 target2 ,some-fire-log, 初始化成功
排程  2024/03/15 13:34:32 target2 ,some-fire-log, 初始化成功
排程  2024/03/15 13:34:32 target2 ,some-fire-log, 初始化成功
排程  2024/03/15 13:34:46 target2 ,some-fire-log, 初始化成功
排程  2024/03/15 13:34:46 target2 ,some-fire-log, 初始化成功
排程  2024/03/15 13:34:57 target2 ,some-fire-log, 初始化成功
排程  2024/03/15 13:34:57 target2 ,some-fire-log, 初始化成功
排程  2024/03/15 13:35:09 target2 ,some-fire-log, 初始化成功
排程  2024/03/15 13:35:09 target2 ,some-fire-log, 初始化成功
排程  2024/03/15 13:36:41 target2 ,some-fire-log, 初始化成功
排程  2024/03/15 13:36:41 target2 ,some-fire-log, 初始化成功
排程  2024/03/15 13:36:44 target2 ,some-fire-log, 初始化成功
排程  2024/03/15 13:36:44 target2 ,some-fire-log, 初始化成功
排程  2024/03/15 13:39:47 target2 ,some-fire-log, 初始化成功
排程  2024/03/15 13:39:47 target2 ,some-fire-log, 初始化成功
排程  2024/03/15 13:42:49 target2 ,some-fire-log, 初始化成功
排程  2024/03/15 13:42:49 target2 ,some-fire-log, 初始化成功
排程  2024/03/15 13:47:22 target2 ,some-fire-log, 初始化成功
排程  2024/03/15 13:47:22 target2 ,some-fire-log, 初始化成功
排程  2024/03/15 13:48:32 target2 ,some-fire-log, 初始化成功
排程  2024/03/15 13:48:32 target2 ,some-fire-log, 初始化成功
排程  2024/03/15 13:49:08 target2 ,some-fire-log, 初始化成功
排程  2024/03/15 13:49:08 target2 ,some-fire-log, 初始化成功
排程  2024/03/15 13:49:17 target2 ,some-fire-log, 初始化成功
排程  2024/03/15 13:49:17 target2 ,some-fire-log, 初始化成功
排程  2024/03/15 13:53:01 target2 ,some-fire-log, 初始化成功
排程  2024/03/15 13:53:01 target2 ,some-fire-log, 初始化成功
排程  2024/03/15 13:53:54 target2 ,some-fire-log, 初始化成功
排程  2024/03/15 13:53:54 target2 ,some-fire-log, 初始化成功
排程  2024/03/15 13:56:16 target2 ,some-fire-log, 初始化成功
排程  2024/03/15 13:56:16 target2 ,some-fire-log, 初始化成功
排程  2024/03/15 13:56:32 target2 ,some-fire-log, 初始化成功
排程  2024/03/15 13:56:32 target2 ,some-fire-log, 初始化成功
排程  2024/03/15 13:56:36 target2 ,some-fire-log, 初始化成功
排程  2024/03/15 13:56:36 target2 ,some-fire-logd, 初始化成功
排程  2024/03/15 13:56:42 target2 ,some-fire-log, 初始化成功
排程  2024/03/15 13:56:42 target2 ,some-fire-logd, 初始化成功
排程  2024/03/15 13:59:43 target2 ,some-fire-log, 初始化成功
排程  2024/03/15 13:59:43 target2 ,some-fire-logd, 初始化成功
排程  2024/03/15 14:03:23 target2 ,some-fire-log, 初始化成功
排程  2024/03/15 14:03:23 target2 ,some-fire-logd, 初始化成功
排程  2024/03/15 14:11:05 target2 ,some-fire-log, 初始化成功
排程  2024/03/15 14:11:05 target2 ,some-fire-logd, 初始化成功
排程  2024/03/15 14:34:48 target2 ,some-fire-log, 初始化成功
排程  2024/03/15 14:34:48 target2 ,some-fire-logd, 初始化成功
排程  2024/03/15 14:38:00 target2 ,some-fire-log, 初始化成功
排程  2024/03/15 14:38:00 target2 ,some-fire-logd, 初始化成功
排程  2024/03/15 14:38:11 target2 ,some-fire-log, 初始化成功
排程  2024/03/15 14:38:11 target2 ,some-fire-logd, 初始化成功
排程  2024/03/15 14:38:16 target2 ,some-fire-log, 初始化成功
排程  2024/03/15 14:38:16 target2 ,some-fire-logd, 初始化成功
排程  2024/03/15 14:38:22 target2 ,some-fire-log, 初始化成功
排程  2024/03/15 14:38:22 target2 ,some-fire-logd, 初始化成功
排程  2024/03/15 14:38:28 target2 ,some-fire-log, 初始化成功
排程  2024/03/15 14:38:28 target2 ,some-fire-logdj, 初始化成功
排程  2024/03/15 14:39:22 target2 ,some-fire-log, 初始化成功
排程  2024/03/15 14:39:23 target2 ,some-fire-logdj, 初始化成功
排程  2024/03/15 14:40:48 target2 ,some-fire-log, 初始化成功
排程  2024/03/15 14:40:48 target2 ,some-fire-logdj, 初始化成功
排程  2024/03/15 14:43:03 target2 ,some-fire-log, 初始化成功
排程  2024/03/15 14:43:03 target2 ,some-fire-logdj, 初始化成功
排程  2024/03/15 14:45:12 target2 ,some-fire-log, 初始化成功
排程  2024/03/15 14:45:12 target2 ,some-fire-logdj, 初始化成功
排程  2024/03/15 14:46:08 target2 ,some-fire-log, 初始化成功
排程  2024/03/15 14:46:08 target2 ,some-fire-logdj, 初始化成功
排程  2024/03/15 14:46:28 target2 ,some-fire-log, 初始化成功
排程  2024/03/15 14:46:28 target2 ,some-fire-logdj, 初始化成功
排程  2024/03/15 14:49:17 target2 ,some-fire-log, 初始化成功
排程  2024/03/15 14:49:17 target2 ,some-fire-logdj, 初始化成功
排程  2024/03/15 14:49:25 target2 ,some-fire-log, 初始化成功
排程  2024/03/15 14:49:25 target2 ,some-fire-logdj, 初始化成功
排程  2024/03/15 14:49:29 target2 ,some-fire-log, 初始化成功
排程  2024/03/15 14:49:29 target2 ,some-fire-logdj, 初始化成功
排程  2024/03/15 14:53:03 target2 ,some-fire-log, 初始化成功
排程  2024/03/15 14:53:03 target2 ,some-fire-logdj, 初始化成功
排程  2024/03/15 15:04:36 target2 ,some-fire-log, 初始化成功
排程  2024/03/15 15:04:36 target2 ,some-fire-logdj, 初始化成功
排程  2024/03/15 15:58:55 target2 ,some-fire-log, 初始化成功
排程  2024/03/15 15:58:55 target2 ,some-fire-logdj, 初始化成功
排程  2024/03/15 15:59:18 target2 ,some-fire-log, 初始化成功
排程  2024/03/15 15:59:18 target2 ,some-fire-logdj, 初始化成功
排程  2024/03/15 15:59:30 target2 ,some-fire-log, 初始化成功
排程  2024/03/15 15:59:30 target2 ,some-fire-logdj, 初始化成功
排程  2024/03/15 16:00:28 target2 ,some-fire-log, 初始化成功
排程  2024/03/15 16:00:28 target2 ,some-fire-logdj, 初始化成功
排程  2024/03/15 16:02:57 target2 ,some-fire-log, 初始化成功
排程  2024/03/15 16:02:58 target2 ,some-fire-logdj, 初始化成功
排程  2024/03/15 16:04:24 target2 ,some-fire-log, 初始化成功
排程  2024/03/15 16:04:24 target2 ,some-fire-logdj, 初始化成功
排程  2024/03/15 16:09:19 target2 ,some-fire-log, 初始化成功
排程  2024/03/15 16:09:19 target2 ,some-fire-logdj, 初始化成功
排程  2024/03/15 16:39:26 target2 ,some-fire-log, 初始化成功
排程  2024/03/15 16:39:26 target2 ,some-fire-logdj, 初始化成功
排程  2024/03/15 16:41:16 target2 ,some-fire-log, 初始化成功
排程  2024/03/15 16:41:16 target2 ,some-fire-logdj, 初始化成功
排程  2024/03/15 16:46:01 target2 ,some-fire-log, 初始化成功
排程  2024/03/15 16:46:01 target2 ,some-fire-logdj, 初始化成功
排程  2024/03/15 16:46:16 target2 ,some-fire-log, 初始化成功
排程  2024/03/15 16:46:16 target2 ,some-fire-logdj, 初始化成功
排程  2024/03/15 17:03:20 target2 ,some-fire-log, 初始化成功
排程  2024/03/15 17:03:20 target2 ,some-fire-logdj, 初始化成功
排程  2024/03/15 17:19:34 target2 ,some-fire-log, 初始化成功
排程  2024/03/15 17:19:34 target2 ,some-fire-logdj, 初始化成功
排程  2024/03/15 17:21:06 target2 ,some-fire-log, 初始化成功
排程  2024/03/15 17:21:06 target2 ,some-fire-logdj, 初始化成功
排程  2024/03/15 17:21:54 target2 ,some-fire-log, 初始化成功
排程  2024/03/15 17:21:54 target2 ,some-fire-logdj, 初始化成功
排程  2024/03/15 17:21:54 target2 ,some-fire-log, 初始化成功
SQL  2024/03/18 13:57:56 SQL Database 連線成功
排程  2024/03/18 13:57:56 target2 ,some-fire-log, 初始化成功
排程  2024/03/18 13:57:56 target2 ,some-fire-logdj, 初始化成功
排程  2024/03/18 13:57:56 target2 ,some-fire-log, 初始化成功
SQL  2024/03/19 13:54:06 SQL Database 連線成功
SQL  2024/03/19 13:54:39 SQL Database 連線成功
排程  2024/03/19 13:54:40 target2 ,some-fire-log, 初始化成功
排程  2024/03/19 13:54:40 target2 ,some-fire-logdj, 初始化成功
排程  2024/03/19 13:54:40 target2 ,some-fire-log, 初始化成功
排程  2024/03/19 13:57:02 target2 ,some-fire-log, 初始化成功
排程  2024/03/19 13:57:02 target2 ,some-fire-logdj, 初始化成功
排程  2024/03/19 13:57:02 target2 ,some-fire-log, 初始化成功
排程  2024/03/19 13:57:10 target2 ,some-fire-log, 初始化成功
排程  2024/03/19 13:57:10 target2 ,some-fire-logdj, 初始化成功
排程  2024/03/19 13:57:10 target2 ,some-fire-log, 初始化成功
SQL  2024/03/19 13:59:02 SQL Database 連線成功
排程  2024/03/19 13:59:03 target2 ,some-fire-log, 初始化成功
排程  2024/03/19 13:59:03 target2 ,some-fire-logdj, 初始化成功
排程  2024/03/19 13:59:03 target2 ,some-fire-log, 初始化成功
排程  2024/03/19 13:59:48 target2 ,some-fire-log, 初始化成功
排程  2024/03/19 13:59:48 target2 ,some-fire-logdj, 初始化成功
排程  2024/03/19 13:59:48 target2 ,some-fire-log, 初始化成功
排程  2024/03/19 14:02:08 target2 ,some-fire-log, 初始化成功
排程  2024/03/19 14:02:08 target2 ,some-fire-logdj, 初始化成功
排程  2024/03/19 14:02:08 target2 ,some-fire-log, 初始化成功
排程  2024/03/19 14:03:08 target2 ,some-fire-log, 初始化成功
排程  2024/03/19 14:03:08 target2 ,some-fire-logdj, 初始化成功
排程  2024/03/19 14:03:08 target2 ,some-fire-log, 初始化成功
排程  2024/03/19 14:08:06 target2 ,some-fire-log, 初始化成功
排程  2024/03/19 14:08:06 target2 ,some-fire-logdj, 初始化成功
排程  2024/03/19 14:08:06 target2 ,some-fire-log, 初始化成功
SQL  2024/03/19 14:11:19 SQL Database 連線成功
排程  2024/03/19 14:11:19 target2 ,some-fire-log, 初始化成功
排程  2024/03/19 14:11:19 target2 ,some-fire-logdj, 初始化成功
排程  2024/03/19 14:11:19 target2 ,some-fire-log, 初始化成功
排程  2024/03/19 14:11:37 target2 ,some-fire-log, 初始化成功
排程  2024/03/19 14:11:37 target2 ,some-fire-logdj, 初始化成功
排程  2024/03/19 14:11:37 target2 ,some-fire-log, 初始化成功
排程  2024/03/19 14:13:18 target2 ,some-fire-log, 初始化成功
排程  2024/03/19 14:13:18 target2 ,some-fire-logdj, 初始化成功
排程  2024/03/19 14:13:18 target2 ,some-fire-log, 初始化成功
SQL  2024/03/19 14:15:52 SQL Database 連線成功
排程  2024/03/19 14:15:52 target2 ,some-fire-log, 初始化成功
排程  2024/03/19 14:15:52 target2 ,some-fire-logdj, 初始化成功
排程  2024/03/19 14:15:52 target2 ,some-fire-log, 初始化成功
排程  2024/03/19 14:16:00 target2 ,some-fire-log, 初始化成功
排程  2024/03/19 14:31:04 target2 ,some-fire-log, 初始化成功
SQL  2024/03/19 14:48:03 SQL Database 連線成功
SQL  2024/03/19 14:54:02 SQL Database 連線成功
排程  2024/03/19 14:54:02 target2 ,some-fire-log, 初始化成功
排程  2024/03/19 14:54:02 target2 ,some-fire-logdj, 初始化成功
排程  2024/03/19 14:54:02 target2 ,some-fire-log, 初始化成功
SQL  2024/03/19 17:20:12 SQL Database 連線成功
SQL  2024/03/19 17:20:59 SQL Database 連線成功
SQL  2024/03/19 17:21:26 SQL Database 連線成功
SQL  2024/03/19 17:22:43 SQL Database 連線成功
SQL  2024/03/20 13:58:07 SQL Database 連線成功
SQL  2024/03/20 13:59:41 SQL Database 連線成功
排程  2024/03/20 13:59:41 target2 ,some-fire-log, 初始化成功
排程  2024/03/20 13:59:41 target2 ,some-fire-logdj, 初始化成功
排程  2024/03/20 13:59:41 target2 ,some-fire-log, 初始化成功
排程  2024/03/20 16:25:22 target2 ,hour-log, 初始化成功
SQL  2024/03/20 16:45:38 SQL Database 連線成功
SQL  2024/03/20 16:47:27 SQL Database 連線成功
SQL  2024/03/20 16:47:45 SQL Database 連線成功
SQL  2024/03/20 17:04:27 SQL Database 連線成功
SQL  2024/03/20 17:04:52 SQL Database 連線成功
SQL  2024/03/20 17:38:30 SQL Database 連線成功
SQL  2024/03/20 17:43:58 SQL Database 連線成功
SQL  2024/03/20 17:45:38 SQL Database 連線成功
SQL  2024/03/20 17:51:51 SQL Database 連線成功
SQL  2024/03/20 18:01:04 SQL Database 連線成功
SQL  2024/03/20 18:20:39 SQL Database 連線成功
排程  2024/03/20 18:20:40 target2 ,some-fire-log, 初始化成功
排程  2024/03/20 18:20:40 target2 ,some-fire-logdj, 初始化成功
排程  2024/03/20 18:20:40 target2 ,hour-log, 初始化成功
SQL  2024/03/25 13:53:23 SQL Database 連線成功
排程  2024/03/25 13:53:23 target2 ,some-fire-log, 初始化成功
排程  2024/03/25 13:53:23 target2 ,some-fire-logdj, 初始化成功
排程  2024/03/25 13:53:23 target2 ,hour-log, 初始化成功
排程  2024/03/25 16:13:26 target2 ,hour-log, 初始化成功
SQL  2024/03/25 16:49:12 SQL Database 連線成功
排程  2024/03/25 16:49:13 target2 ,some-fire-log, 初始化成功
排程  2024/03/25 16:49:13 target2 ,some-fire-logdj, 初始化成功
排程  2024/03/25 16:49:13 target2 ,hour-log, 初始化成功
SQL  2024/03/25 17:08:39 SQL Database 連線成功
排程  2024/03/25 17:08:39 target2 ,some-fire-log, 初始化成功
排程  2024/03/25 17:08:39 target2 ,some-fire-logdj, 初始化成功
排程  2024/03/25 17:08:39 target2 ,hour-log, 初始化成功
SQL  2024/03/25 17:12:35 SQL Database 連線成功
排程  2024/03/25 17:12:35 target2 ,some-fire-log, 初始化成功
排程  2024/03/25 17:12:35 target2 ,some-fire-logdj, 初始化成功
排程  2024/03/25 17:12:35 target2 ,hour-log, 初始化成功
SQL  2024/03/26 10:56:30 SQL Database 連線成功
排程  2024/03/26 10:56:30 target2 ,some-fire-log, 初始化成功
排程  2024/03/26 10:56:30 target2 ,some-fire-logdj, 初始化成功
排程  2024/03/26 10:56:30 target2 ,hour-log, 初始化成功
排程  2024/03/26 11:02:11 IIS ,IIS-log, 初始化成功
SQL  2024/03/26 12:13:46 SQL Database 連線成功
排程  2024/03/26 12:13:46 target2 ,some-fire-log, 初始化成功
排程  2024/03/26 12:13:46 target2 ,some-fire-logdj, 初始化成功
排程  2024/03/26 12:13:46 target2 ,hour-log, 初始化成功
排程  2024/03/26 12:13:46 IIS ,IIS-log, 初始化成功
SQL  2024/03/26 12:26:56 SQL Database 連線成功
排程  2024/03/26 12:26:56 target2 ,some-fire-log, 初始化成功
排程  2024/03/26 12:26:56 target2 ,some-fire-logdj, 初始化成功
排程  2024/03/26 12:26:56 target2 ,hour-log, 初始化成功
排程  2024/03/26 12:26:56 IIS ,IIS-log, 初始化成功
SQL  2024/03/27 11:30:38 SQL Database 連線成功
排程  2024/03/27 11:30:38 target2 ,some-fire-log, 初始化成功
排程  2024/03/27 11:30:38 target2 ,some-fire-logdj, 初始化成功
排程  2024/03/27 11:30:38 target2 ,hour-log, 初始化成功
排程  2024/03/27 11:30:38 IIS ,IIS-log, 初始化成功
SQL  2024/03/27 16:43:59 SQL Database 連線成功
排程  2024/03/27 16:43:59 target2 ,some-fire-log, 初始化成功
排程  2024/03/27 16:43:59 target2 ,some-fire-logdj, 初始化成功
排程  2024/03/27 16:43:59 target2 ,hour-log, 初始化成功
排程  2024/03/27 16:44:00 IIS ,IIS-log, 初始化成功
SQL  2024/03/28 10:43:29 SQL Database 連線成功
排程  2024/03/28 10:43:29 target2 ,some-fire-log, 初始化成功
排程  2024/03/28 10:43:29 target2 ,some-fire-logdj, 初始化成功
排程  2024/03/28 10:43:30 target2 ,hour-log, 初始化成功
排程  2024/03/28 10:43:30 IIS ,IIS-log, 初始化成功
SQL  2024/03/28 11:28:29 SQL Database 連線成功
排程  2024/03/28 11:28:29 target2 ,some-fire-log, 初始化成功
排程  2024/03/28 11:28:29 target2 ,some-fire-logdj, 初始化成功
排程  2024/03/28 11:28:29 target2 ,hour-log, 初始化成功
排程  2024/03/28 11:28:29 IIS ,IIS-log, 初始化成功
SQL  2024/03/28 12:04:01 SQL Database 連線成功
SQL  2024/03/28 12:38:31 SQL Database 連線成功
SQL  2024/03/28 12:39:08 SQL Database 連線成功
SQL  2024/03/28 12:41:22 SQL Database 連線成功
SQL  2024/03/28 12:44:15 SQL Database 連線成功
SQL  2024/03/28 12:45:06 SQL Database 連線成功
SQL  2024/03/28 12:46:04 SQL Database 連線成功
SQL  2024/03/28 12:46:44 SQL Database 連線成功
SQL  2024/03/28 12:47:54 SQL Database 連線成功
SQL  2024/03/28 12:48:25 SQL Database 連線成功
SQL  2024/03/28 12:52:04 SQL Database 連線成功
SQL  2024/03/28 13:04:44 SQL Database 連線成功
SQL  2024/03/28 13:05:19 SQL Database 連線成功
SQL  2024/03/28 14:17:54 SQL Database 連線成功
SQL  2024/03/28 14:18:11 SQL Database 連線成功
SQL  2024/03/28 14:19:08 SQL Database 連線成功
SQL  2024/03/28 14:20:32 SQL Database 連線成功
SQL  2024/03/28 14:27:24 SQL Database 連線成功
SQL  2024/03/28 14:29:44 SQL Database 連線成功
SQL  2024/03/28 14:37:04 SQL Database 連線成功
SQL  2024/03/28 14:37:51 SQL Database 連線成功
排程  2024/03/28 14:37:52 target2 ,some-fire-log, 初始化成功
排程  2024/03/28 14:37:52 target2 ,some-fire-logdj, 初始化成功
排程  2024/03/28 14:37:52 target2 ,hour-log, 初始化成功
排程  2024/03/28 14:37:52 IIS ,IIS-log, 初始化成功
SQL  2024/03/28 14:39:02 SQL Database 連線成功
排程  2024/03/28 14:39:02 target2 ,some-fire-log, 初始化成功
排程  2024/03/28 14:39:02 target2 ,some-fire-logdj, 初始化成功
排程  2024/03/28 14:39:02 target2 ,hour-log, 初始化成功
排程  2024/03/28 14:39:02 IIS ,IIS-log, 初始化成功
SQL  2024/03/28 15:15:44 SQL Database 連線成功
排程  2024/03/28 15:15:44 target2 ,some-fire-log, 初始化成功
排程  2024/03/28 15:15:44 target2 ,some-fire-logdj, 初始化成功
排程  2024/03/28 15:15:44 target2 ,hour-log, 初始化成功
排程  2024/03/28 15:15:44 IIS ,IIS-log, 初始化成功
SQL  2024/03/28 15:52:51 SQL Database 連線成功
排程  2024/03/28 15:52:51 target2 ,some-fire-log, 初始化成功
排程  2024/03/28 15:52:51 target2 ,some-fire-logdj, 初始化成功
排程  2024/03/28 15:52:51 target2 ,hour-log, 初始化成功
排程  2024/03/28 15:52:51 IIS ,IIS-log, 初始化成功
SQL  2024/03/28 23:20:55 SQL Database 連線成功
排程  2024/03/28 23:20:56 target2 ,some-fire-log, 初始化成功
排程  2024/03/28 23:20:56 target2 ,some-fire-logdj, 初始化成功
排程  2024/03/28 23:20:56 target2 ,hour-log, 初始化成功
排程  2024/03/28 23:20:56 IIS ,IIS-log, 初始化成功
排程  2024/03/28 23:29:49 IIS ,asa-log, 初始化成功
排程  2024/03/28 23:37:16 IIS ,ad-log, 初始化成功
排程  2024/03/28 23:37:38 IIS ,apache-log, 初始化成功
排程  2024/03/28 23:42:54 IIS ,apache-log, 初始化成功
排程  2024/03/28 23:42:59 IIS ,ad-log, 初始化成功
SQL  2024/03/28 23:57:47 SQL Database 連線成功
排程  2024/03/28 23:57:47 target2 ,some-fire-log, 初始化成功
排程  2024/03/28 23:57:47 target2 ,some-fire-logdj, 初始化成功
排程  2024/03/28 23:57:47 target2 ,hour-log, 初始化成功
排程  2024/03/28 23:57:48 IIS ,IIS-log, 初始化成功
排程  2024/03/28 23:57:48 IIS ,asa-log, 初始化成功
排程  2024/03/28 23:57:48 IIS ,ad-log, 初始化成功
排程  2024/03/28 23:57:48 IIS ,apache-log, 初始化成功
SQL  2024/03/29 10:28:59 SQL Database 連線成功
排程  2024/03/29 10:28:59 target2 ,some-fire-log, 初始化成功
排程  2024/03/29 10:28:59 target2 ,some-fire-logdj, 初始化成功
排程  2024/03/29 10:28:59 target2 ,hour-log, 初始化成功
排程  2024/03/29 10:28:59 IIS ,IIS-log, 初始化成功
排程  2024/03/29 10:28:59 IIS ,asa-log, 初始化成功
排程  2024/03/29 10:28:59 IIS ,ad-log, 初始化成功
排程  2024/03/29 10:28:59 IIS ,apache-log, 初始化成功
排程  2024/03/29 10:31:02 IIS ,test-log, 初始化成功
SQL  2024/03/29 14:58:48 SQL Database 連線成功
排程  2024/03/29 14:58:48 target2 ,some-fire-log, 初始化成功
排程  2024/03/29 14:58:48 target2 ,some-fire-logdj, 初始化成功
排程  2024/03/29 14:58:48 target2 ,hour-log, 初始化成功
排程  2024/03/29 14:58:48 IIS ,IIS-log, 初始化成功
排程  2024/03/29 14:58:48 IIS ,asa-log, 初始化成功
排程  2024/03/29 14:58:48 IIS ,ad-log, 初始化成功
排程  2024/03/29 14:58:49 IIS ,apache-log, 初始化成功
排程  2024/03/29 14:58:49 IIS ,test-log, 初始化成功
SQL  2024/03/29 15:20:05 SQL Database 連線成功
排程  2024/03/29 15:20:05 target2 ,some-fire-log, 初始化成功
排程  2024/03/29 15:20:05 target2 ,some-fire-logdj, 初始化成功
排程  2024/03/29 15:20:05 target2 ,hour-log, 初始化成功
排程  2024/03/29 15:20:05 IIS ,IIS-log, 初始化成功
排程  2024/03/29 15:20:05 IIS ,asa-log, 初始化成功
排程  2024/03/29 15:20:05 IIS ,ad-log, 初始化成功
排程  2024/03/29 15:20:05 IIS ,apache-log, 初始化成功
排程  2024/03/29 15:20:05 IIS ,test-log, 初始化成功
