SQL  2024/02/20 16:52:28 SQL Database 連線成功
排程  2024/02/20 16:52:28 log-detect-test002 ,waf, 初始化成功
排程  2024/02/20 16:52:28 log-detect-test002 ,waf-firewall, 初始化成功
排程  2024/02/20 16:52:28 test-sub ,test_log, 初始化成功
排程  2024/02/20 16:52:28 test-sub123 ,test_log111, 初始化成功
SQL  2024/02/20 16:55:55 SQL Database 連線成功
排程  2024/02/20 16:55:55 log-detect-test002 ,waf, 初始化成功
排程  2024/02/20 16:55:55 log-detect-test002 ,waf-firewall, 初始化成功
排程  2024/02/20 16:55:55 test-sub ,test_log, 初始化成功
排程  2024/02/20 16:55:55 test-sub123 ,test_log111, 初始化成功
SQL  2024/02/20 16:58:48 SQL Database 連線成功
排程  2024/02/20 16:58:48 log-detect-test002 ,waf, 初始化成功
排程  2024/02/20 16:58:48 log-detect-test002 ,waf-firewall, 初始化成功
排程  2024/02/20 16:58:48 test-sub ,test_log, 初始化成功
排程  2024/02/20 16:58:48 test-sub123 ,test_log111, 初始化成功
排程  2024/02/20 16:59:23 test-sub123 ,test_log111, 初始化成功
SQL  2024/02/21 14:19:26 SQL Database 連線成功
SQL  2024/02/21 14:37:02 SQL Database 連線成功
排程  2024/02/21 14:37:02 log-detect-test002 ,waf, 初始化成功
排程  2024/02/21 14:37:02 log-detect-test002 ,waf-firewall, 初始化成功
排程  2024/02/21 14:37:02 test-sub ,test_log, 初始化成功
排程  2024/02/21 14:37:02 test-sub123 ,test_log111, 初始化成功
SQL  2024/02/21 14:38:50 SQL Database 連線成功
排程  2024/02/21 14:38:50 log-detect-test002 ,waf, 初始化成功
排程  2024/02/21 14:38:50 log-detect-test002 ,waf-firewall, 初始化成功
排程  2024/02/21 14:38:50 test-sub ,test_log, 初始化成功
排程  2024/02/21 14:38:50 test-sub123 ,test_log111, 初始化成功
SQL  2024/02/21 14:39:31 SQL Database 連線成功
排程  2024/02/21 14:39:31 log-detect-test002 ,waf, 初始化成功
排程  2024/02/21 14:39:31 log-detect-test002 ,waf-firewall, 初始化成功
排程  2024/02/21 14:39:31 test-sub ,test_log, 初始化成功
排程  2024/02/21 14:39:31 test-sub123 ,test_log111, 初始化成功
SQL  2024/02/21 14:41:56 SQL Database 連線成功
排程  2024/02/21 14:41:56 log-detect-test002 ,waf, 初始化成功
排程  2024/02/21 14:41:56 log-detect-test002 ,waf-firewall, 初始化成功
排程  2024/02/21 14:41:56 test-sub ,test_log, 初始化成功
排程  2024/02/21 14:41:56 test-sub123 ,test_log111, 初始化成功
SQL  2024/02/21 15:05:27 SQL Database 連線成功
排程  2024/02/21 15:05:27 log-detect-test002 ,waf, 初始化成功
排程  2024/02/21 15:05:27 log-detect-test002 ,waf-firewall, 初始化成功
排程  2024/02/21 15:05:27 test-sub ,test_log, 初始化成功
排程  2024/02/21 15:05:27 test-sub123 ,test_log111, 初始化成功
SQL  2024/02/21 15:24:39 SQL Database 連線成功
排程  2024/02/21 15:25:32 log-detect-test001 ,waf, 初始化成功
排程  2024/02/21 15:25:32 log-detect-test001 ,waf-firewall, 初始化成功
ERROR 2024/02/21 15:30:00 error delete duplicate_device
ERROR 2024/02/21 15:30:00 error delete duplicate_device
排程  2024/02/21 15:32:04 log-detect-test001 ,waf, 初始化成功
排程  2024/02/21 15:32:04 log-detect-test001 ,waf-firewall, 初始化成功
ERROR 2024/02/21 15:33:00 error delete duplicate_device
ERROR 2024/02/21 15:33:00 error delete duplicate_device
ERROR 2024/02/21 15:34:00 error delete duplicate_device
ERROR 2024/02/21 15:34:00 error delete duplicate_device
ERROR 2024/02/21 15:35:00 error delete duplicate_device
ERROR 2024/02/21 15:35:00 error delete duplicate_device
SQL  2024/02/21 15:36:27 SQL Database 連線成功
排程  2024/02/21 15:36:27 log-detect-test001 ,waf, 初始化成功
排程  2024/02/21 15:36:27 log-detect-test001 ,waf-firewall, 初始化成功
SQL  2024/02/21 15:38:42 SQL Database 連線成功
排程  2024/02/21 15:38:42 log-detect-test001 ,waf, 初始化成功
排程  2024/02/21 15:38:42 log-detect-test001 ,waf-firewall, 初始化成功
排程  2024/02/21 15:41:34 log-detect-test001 ,waf, 初始化成功
排程  2024/02/21 15:41:34 log-detect-test001 ,waf-firewall, 初始化成功
排程  2024/02/21 15:42:22 log-detect-test001 ,waf, 初始化成功
排程  2024/02/21 15:42:22 log-detect-test001 ,waf-firewall, 初始化成功
排程  2024/02/21 15:45:17 log-detect-test001 ,waf, 初始化成功
排程  2024/02/21 15:45:17 log-detect-test001 ,waf-firewall, 初始化成功
SQL  2024/02/21 15:49:05 SQL Database 連線成功
排程  2024/02/21 15:49:05 log-detect-test001 ,waf, 初始化成功
排程  2024/02/21 15:49:05 log-detect-test001 ,waf-firewall, 初始化成功
ERROR 2024/02/21 15:50:00 error delete duplicate_device
ERROR 2024/02/21 15:50:00 error delete duplicate_device
SQL  2024/02/21 15:57:54 SQL Database 連線成功
排程  2024/02/21 15:57:54 log-detect-test001 ,waf, 初始化成功
排程  2024/02/21 15:57:54 log-detect-test001 ,waf-firewall, 初始化成功
ERROR 2024/02/21 15:58:00 error delete duplicate_device
ERROR 2024/02/21 15:58:00 error delete duplicate_device
SQL  2024/02/21 16:00:24 SQL Database 連線成功
排程  2024/02/21 16:00:25 log-detect-test001 ,waf, 初始化成功
排程  2024/02/21 16:00:25 log-detect-test001 ,waf-firewall, 初始化成功
SQL  2024/02/21 16:44:32 SQL Database 連線成功
排程  2024/02/21 16:44:32 log-detect-test001 ,waf, 初始化成功
排程  2024/02/21 16:44:32 log-detect-test001 ,waf-firewall, 初始化成功
SQL  2024/02/21 16:54:47 SQL Database 連線成功
排程  2024/02/21 16:54:47 log-detect-test001 ,waf, 初始化成功
排程  2024/02/21 16:54:47 log-detect-test001 ,waf-firewall, 初始化成功
SQL  2024/02/21 17:01:10 SQL Database 連線成功
排程  2024/02/21 17:01:10 log-detect-test001 ,waf, 初始化成功
排程  2024/02/21 17:01:10 log-detect-test001 ,waf-firewall, 初始化成功
排程  2024/02/21 17:06:31 log-detect-test001 ,waf, 初始化成功
排程  2024/02/21 17:06:31 log-detect-test001 ,waf-firewall, 初始化成功
SQL  2024/02/21 18:16:20 SQL Database 連線成功
ERROR 2024/02/21 18:16:20 error getting device count
SQL  2024/02/21 18:17:30 SQL Database 連線成功
ERROR 2024/02/21 18:17:30 error getting device count
SQL  2024/02/21 18:18:06 SQL Database 連線成功
ERROR 2024/02/21 18:18:06 error getting device count
SQL  2024/02/21 18:18:49 SQL Database 連線成功
ERROR 2024/02/21 18:18:49 error getting device count
SQL  2024/02/21 18:29:49 SQL Database 連線成功
SQL  2024/02/21 18:30:40 SQL Database 連線成功
SQL  2024/02/21 18:32:04 SQL Database 連線成功
SQL  2024/02/21 18:57:26 SQL Database 連線成功
SQL  2024/02/21 18:57:48 SQL Database 連線成功
排程  2024/02/21 18:57:49 log-detect-test001 ,waf, 初始化成功
排程  2024/02/21 18:57:49 log-detect-test001 ,waf-firewall, 初始化成功
SQL  2024/02/21 19:00:17 SQL Database 連線成功
排程  2024/02/21 19:00:18 log-detect-test001 ,waf, 初始化成功
排程  2024/02/21 19:00:18 log-detect-test001 ,waf-firewall, 初始化成功
SQL  2024/02/23 12:10:37 SQL Database 連線成功
排程  2024/02/23 12:10:37 log-detect-test001 ,waf, 初始化成功
排程  2024/02/23 12:10:37 log-detect-test001 ,waf-firewall, 初始化成功
SQL  2024/02/23 16:05:09 SQL Database 連線成功
排程  2024/02/23 16:05:09 log-detect-test001 ,waf, 初始化成功
排程  2024/02/23 16:05:09 log-detect-test001 ,waf-firewall, 初始化成功
SQL  2024/02/26 11:35:20 SQL Database 連線成功
排程  2024/02/26 11:35:20 log-detect-test001 ,waf, 初始化成功
排程  2024/02/26 11:35:20 log-detect-test001 ,waf-firewall, 初始化成功
SQL  2024/02/26 11:50:46 SQL Database 連線成功
排程  2024/02/26 11:50:46 log-detect-test001 ,waf, 初始化成功
排程  2024/02/26 11:50:46 log-detect-test001 ,waf-firewall, 初始化成功
SQL  2024/02/26 14:32:13 SQL Database 連線成功
排程  2024/02/26 14:32:13 log-detect-test001 ,waf, 初始化成功
排程  2024/02/26 14:32:13 log-detect-test001 ,waf-firewall, 初始化成功
SQL  2024/02/27 11:10:16 SQL Database 連線成功
排程  2024/02/27 11:10:16 log-detect-test001 ,waf, 初始化成功
排程  2024/02/27 11:10:16 log-detect-test001 ,waf-firewall, 初始化成功
SQL  2024/02/29 12:08:39 SQL Database 連線成功
排程  2024/02/29 12:08:39 log-detect-test001 ,waf, 初始化成功
排程  2024/02/29 12:08:39 log-detect-test001 ,waf-firewall, 初始化成功
SQL  2024/02/29 20:18:33 SQL Database 連線成功
排程  2024/02/29 20:18:33 log-detect-test001 ,waf, 初始化成功
排程  2024/02/29 20:18:34 log-detect-test001 ,waf-firewall, 初始化成功
