SQL  2024/04/01 12:13:18 SQL Database 連線成功
排程  2024/04/01 12:13:18 target2 ,some-fire-log, 初始化成功
排程  2024/04/01 12:13:18 target2 ,some-fire-logdj, 初始化成功
排程  2024/04/01 12:13:18 target2 ,hour-log, 初始化成功
排程  2024/04/01 12:13:18 IIS ,IIS-log, 初始化成功
排程  2024/04/01 12:13:18 IIS ,asa-log, 初始化成功
排程  2024/04/01 12:13:18 IIS ,ad-log, 初始化成功
排程  2024/04/01 12:13:18 IIS ,apache-log, 初始化成功
排程  2024/04/01 12:13:18 IIS ,test-log, 初始化成功
排程  2024/04/01 15:59:56 IIS ,test-log, 初始化成功
排程  2024/04/01 16:17:26 IIS ,test-log1, 初始化成功
排程  2024/04/01 16:18:00 IIS ,test-log12, 初始化成功
SQL  2024/04/01 16:59:13 SQL Database 連線成功
排程  2024/04/01 16:59:13 target2 ,some-fire-log, 初始化成功
排程  2024/04/01 16:59:13 target2 ,some-fire-logdj, 初始化成功
排程  2024/04/01 16:59:13 target2 ,hour-log, 初始化成功
排程  2024/04/01 16:59:13 IIS ,IIS-log, 初始化成功
排程  2024/04/01 16:59:13 IIS ,asa-log, 初始化成功
排程  2024/04/01 16:59:13 IIS ,ad-log, 初始化成功
排程  2024/04/01 16:59:13 IIS ,apache-log, 初始化成功
排程  2024/04/01 16:59:13 IIS ,test-log12, 初始化成功
排程  2024/04/01 17:48:50 target2 ,some-fire-log, 初始化成功
排程  2024/04/01 17:48:50 target2 ,some-fire-logdj, 初始化成功
排程  2024/04/01 17:48:50 target2 ,hour-log, 初始化成功
SQL  2024/04/01 23:34:01 SQL Database 連線成功
排程  2024/04/01 23:34:01 target2 ,some-fire-log, 初始化成功
排程  2024/04/01 23:34:01 target2 ,some-fire-logdj, 初始化成功
排程  2024/04/01 23:34:01 target2 ,hour-log, 初始化成功
排程  2024/04/01 23:34:01 IIS ,IIS-log, 初始化成功
排程  2024/04/01 23:34:01 IIS ,asa-log, 初始化成功
排程  2024/04/01 23:34:01 IIS ,ad-log, 初始化成功
排程  2024/04/01 23:34:01 IIS ,apache-log, 初始化成功
排程  2024/04/01 23:34:01 IIS ,test-log12, 初始化成功
SQL  2024/04/02 00:02:37 SQL Database 連線成功
排程  2024/04/02 00:02:39 target2 ,some-fire-log, 初始化成功
排程  2024/04/02 00:02:39 target2 ,some-fire-logdj, 初始化成功
排程  2024/04/02 00:02:39 target2 ,hour-log, 初始化成功
排程  2024/04/02 00:02:39 IIS ,IIS-log, 初始化成功
排程  2024/04/02 00:02:39 IIS ,asa-log, 初始化成功
排程  2024/04/02 00:02:40 IIS ,ad-log, 初始化成功
排程  2024/04/02 00:02:40 IIS ,apache-log, 初始化成功
排程  2024/04/02 00:02:40 IIS ,test-log12, 初始化成功
SQL  2024/04/03 14:46:43 SQL Database 連線成功
排程  2024/04/03 14:46:49 target2 ,some-fire-log, 初始化成功
排程  2024/04/03 14:46:49 target2 ,some-fire-logdj, 初始化成功
排程  2024/04/03 14:46:49 target2 ,hour-log, 初始化成功
排程  2024/04/03 14:46:49 IIS ,IIS-log, 初始化成功
排程  2024/04/03 14:46:50 IIS ,asa-log, 初始化成功
排程  2024/04/03 14:46:50 IIS ,ad-log, 初始化成功
排程  2024/04/03 14:46:50 IIS ,apache-log, 初始化成功
排程  2024/04/03 14:46:50 IIS ,test-log12, 初始化成功
SQL  2024/04/03 17:35:19 SQL Database 連線成功
排程  2024/04/03 17:35:20 target2 ,some-fire-log, 初始化成功
排程  2024/04/03 17:35:20 target2 ,some-fire-logdj, 初始化成功
排程  2024/04/03 17:35:20 target2 ,hour-log, 初始化成功
排程  2024/04/03 17:35:20 IIS ,IIS-log, 初始化成功
排程  2024/04/03 17:35:20 IIS ,asa-log, 初始化成功
排程  2024/04/03 17:35:20 IIS ,ad-log, 初始化成功
排程  2024/04/03 17:35:20 IIS ,apache-log, 初始化成功
排程  2024/04/03 17:35:20 IIS ,test-log12, 初始化成功
SQL  2024/04/03 17:42:04 SQL Database 連線成功
排程  2024/04/03 17:42:05 target2 ,some-fire-log, 初始化成功
排程  2024/04/03 17:42:05 target2 ,some-fire-logdj, 初始化成功
排程  2024/04/03 17:42:05 target2 ,hour-log, 初始化成功
排程  2024/04/03 17:42:05 IIS ,IIS-log, 初始化成功
排程  2024/04/03 17:42:05 IIS ,asa-log, 初始化成功
排程  2024/04/03 17:42:05 IIS ,ad-log, 初始化成功
排程  2024/04/03 17:42:05 IIS ,apache-log, 初始化成功
排程  2024/04/03 17:42:05 IIS ,test-log12, 初始化成功
SQL  2024/04/03 17:54:16 SQL Database 連線成功
排程  2024/04/03 17:54:17 target2 ,some-fire-log, 初始化成功
排程  2024/04/03 17:54:17 target2 ,some-fire-logdj, 初始化成功
排程  2024/04/03 17:54:17 target2 ,hour-log, 初始化成功
排程  2024/04/03 17:54:17 IIS ,IIS-log, 初始化成功
排程  2024/04/03 17:54:17 IIS ,asa-log, 初始化成功
排程  2024/04/03 17:54:17 IIS ,ad-log, 初始化成功
排程  2024/04/03 17:54:17 IIS ,apache-log, 初始化成功
排程  2024/04/03 17:54:17 IIS ,test-log12, 初始化成功
SQL  2024/04/08 16:29:10 SQL Database 連線成功
排程  2024/04/08 16:29:14 target2 ,some-fire-log, 初始化成功
排程  2024/04/08 16:29:14 target2 ,some-fire-logdj, 初始化成功
排程  2024/04/08 16:29:14 target2 ,hour-log, 初始化成功
排程  2024/04/08 16:29:14 IIS ,IIS-log, 初始化成功
排程  2024/04/08 16:29:14 IIS ,asa-log, 初始化成功
排程  2024/04/08 16:29:14 IIS ,ad-log, 初始化成功
排程  2024/04/08 16:29:14 IIS ,apache-log, 初始化成功
排程  2024/04/08 16:29:15 IIS ,test-log12, 初始化成功
SQL  2024/04/08 16:37:05 SQL Database 連線成功
排程  2024/04/08 16:37:06 target2 ,some-fire-log, 初始化成功
排程  2024/04/08 16:37:06 target2 ,some-fire-logdj, 初始化成功
排程  2024/04/08 16:37:06 target2 ,hour-log, 初始化成功
排程  2024/04/08 16:37:06 IIS ,IIS-log, 初始化成功
排程  2024/04/08 16:37:06 IIS ,asa-log, 初始化成功
排程  2024/04/08 16:37:06 IIS ,ad-log, 初始化成功
排程  2024/04/08 16:37:06 IIS ,apache-log, 初始化成功
排程  2024/04/08 16:37:06 IIS ,test-log12, 初始化成功
排程  2024/04/08 17:46:14 IIS ,hour-log, 初始化成功
排程  2024/04/08 17:47:14 IIS ,some-fire-log1, 初始化成功
排程  2024/04/08 17:52:06 IIS ,some-fire-logdj, 初始化成功
排程  2024/04/08 17:59:38 IIS ,asa, 初始化成功
排程  2024/04/08 18:00:48 IIS ,some-fire-log12, 初始化成功
排程  2024/04/08 18:01:42 IIS ,some-fire-log, 初始化成功
排程  2024/04/08 18:01:59 IIS ,some-fire-log, 初始化成功
排程  2024/04/08 18:02:17 IIS ,some-fire-log1, 初始化成功
排程  2024/04/08 18:02:32 IIS ,some-fire-log, 初始化成功
排程  2024/04/08 18:02:38 IIS ,some-fire-log1, 初始化成功
SQL  2024/04/09 12:30:49 SQL Database 連線成功
排程  2024/04/09 12:30:50 IIS ,some-fire-log1, 初始化成功
排程  2024/04/09 12:33:37 IIS ,some-fire-log1, 初始化成功
排程  2024/04/09 14:00:57 target2 ,asa, 初始化成功
排程  2024/04/09 14:01:09 target2 ,some-fire-log1, 初始化成功
SQL  2024/04/10 11:22:23 SQL Database 連線成功
排程  2024/04/10 11:22:25 target2 ,some-fire-log1, 初始化成功
SQL  2024/04/12 11:36:30 SQL Database 連線成功
排程  2024/04/12 11:36:31 target2 ,some-fire-log1, 初始化成功
排程  2024/04/12 11:47:20 IIS ,asa, 初始化成功
排程  2024/04/12 11:47:32 IIS ,some-fire-log1, 初始化成功
排程  2024/04/12 11:56:26 IIS ,asa, 初始化成功
排程  2024/04/12 12:00:46 target2 ,asa, 初始化成功
排程  2024/04/12 12:01:02 IIS ,some-fire-log, 初始化成功
排程  2024/04/12 12:01:08 IIS ,asa, 初始化成功
排程  2024/04/12 12:01:15 target2 ,some-fire-log, 初始化成功
排程  2024/04/12 12:01:27 target2 ,asa, 初始化成功
排程  2024/04/12 12:03:37 target2 ,some-fire-log, 初始化成功
排程  2024/04/12 12:03:47 target2 ,asa, 初始化成功
SQL  2024/04/16 16:15:45 SQL Database 連線成功
排程  2024/04/16 16:15:46 target2 ,asa, 初始化成功
SQL  2024/04/16 16:53:52 SQL Database 連線成功
SQL  2024/04/16 17:06:59 SQL Database 連線成功
排程  2024/04/16 17:07:36 IIS ,asa, 初始化成功
排程  2024/04/16 17:08:03 IIS ,asa, 初始化成功
排程  2024/04/16 17:08:03 IIS ,some-fire-log, 初始化成功
排程  2024/04/16 17:09:39 IIS ,asa, 初始化成功
排程  2024/04/16 17:09:39 IIS ,some-fire-log, 初始化成功
排程  2024/04/16 17:09:39 IIS ,asdsa, 初始化成功
SQL  2024/04/16 17:22:13 SQL Database 連線成功
排程  2024/04/16 17:22:13 IIS ,asa, 初始化成功
排程  2024/04/16 17:22:13 IIS ,some-fire-log, 初始化成功
排程  2024/04/16 17:22:13 IIS ,asdsa, 初始化成功
SQL  2024/04/16 17:39:47 SQL Database 連線成功
排程  2024/04/16 17:39:47 IIS ,asa, 初始化成功
排程  2024/04/16 17:39:47 IIS ,some-fire-log, 初始化成功
排程  2024/04/16 17:39:48 IIS ,asdsa, 初始化成功
SQL  2024/04/18 11:25:20 SQL Database 連線成功
排程  2024/04/18 11:25:20 IIS ,asa, 初始化成功
排程  2024/04/18 11:25:20 IIS ,some-fire-log, 初始化成功
排程  2024/04/18 11:25:20 IIS ,asdsa, 初始化成功
排程  2024/04/18 11:27:29 target2 ,asa, 初始化成功
排程  2024/04/18 11:27:29 target2 ,some-fire-log, 初始化成功
排程  2024/04/18 11:27:29 target2 ,asdsa, 初始化成功
排程  2024/04/18 11:28:56 IIS ,asa, 初始化成功
排程  2024/04/18 11:28:56 IIS ,some-fire-log, 初始化成功
排程  2024/04/18 11:28:56 IIS ,asdsa, 初始化成功
排程  2024/04/18 11:28:56 IIS ,test, 初始化成功
排程  2024/04/18 12:00:19 target2 ,asa, 初始化成功
排程  2024/04/18 12:00:19 target2 ,some-fire-log, 初始化成功
排程  2024/04/18 12:00:19 target2 ,asdsa, 初始化成功
排程  2024/04/18 12:00:19 target2 ,test, 初始化成功
排程  2024/04/18 13:25:46 target2 ,asa, 初始化成功
排程  2024/04/18 13:25:46 target2 ,some-fire-log, 初始化成功
排程  2024/04/18 13:25:46 target2 ,asdsa, 初始化成功
排程  2024/04/18 13:25:46 target2 ,test, 初始化成功
排程  2024/04/18 13:26:08 IIS ,asa, 初始化成功
排程  2024/04/18 13:26:08 IIS ,some-fire-log, 初始化成功
排程  2024/04/18 13:26:09 IIS ,asdsa, 初始化成功
排程  2024/04/18 13:26:09 IIS ,test, 初始化成功
排程  2024/04/18 13:26:09 IIS ,some-fire-logasassa, 初始化成功
排程  2024/04/18 13:54:17 IIS ,asa, 初始化成功
排程  2024/04/18 13:54:17 IIS ,some-fire-log, 初始化成功
排程  2024/04/18 13:54:17 IIS ,asdsa, 初始化成功
排程  2024/04/18 13:54:17 IIS ,test, 初始化成功
排程  2024/04/18 13:54:38 IIS ,asa, 初始化成功
排程  2024/04/18 13:54:38 IIS ,some-fire-log, 初始化成功
排程  2024/04/18 13:54:38 IIS ,asdsa, 初始化成功
排程  2024/04/18 13:54:38 IIS ,test, 初始化成功
排程  2024/04/18 13:54:59 IIS ,asa, 初始化成功
排程  2024/04/18 13:54:59 IIS ,some-fire-log, 初始化成功
排程  2024/04/18 13:54:59 IIS ,asdsa, 初始化成功
排程  2024/04/18 13:54:59 IIS ,test, 初始化成功
排程  2024/04/18 13:57:35 IIS ,asa, 初始化成功
排程  2024/04/18 13:57:35 IIS ,some-fire-log, 初始化成功
排程  2024/04/18 13:57:35 IIS ,asdsa, 初始化成功
排程  2024/04/18 13:57:35 IIS ,test, 初始化成功
排程  2024/04/18 14:04:12 IIS ,asa, 初始化成功
排程  2024/04/18 14:04:12 IIS ,some-fire-log, 初始化成功
排程  2024/04/18 14:04:12 IIS ,asdsa, 初始化成功
排程  2024/04/18 14:04:12 IIS ,test, 初始化成功
排程  2024/04/18 14:04:40 target2 ,asa, 初始化成功
排程  2024/04/18 14:04:40 target2 ,some-fire-log, 初始化成功
排程  2024/04/18 14:04:40 target2 ,asdsa, 初始化成功
排程  2024/04/18 14:04:40 target2 ,test, 初始化成功
排程  2024/04/18 14:05:52 IIS ,asa, 初始化成功
排程  2024/04/18 14:05:52 IIS ,some-fire-log, 初始化成功
排程  2024/04/18 14:05:52 IIS ,asdsa, 初始化成功
排程  2024/04/18 14:05:52 IIS ,test, 初始化成功
排程  2024/04/18 14:05:56 IIS ,asa, 初始化成功
排程  2024/04/18 14:05:56 IIS ,some-fire-log, 初始化成功
排程  2024/04/18 14:05:56 IIS ,asdsa, 初始化成功
排程  2024/04/18 14:05:56 IIS ,test, 初始化成功
排程  2024/04/18 14:05:59 IIS ,asa, 初始化成功
排程  2024/04/18 14:05:59 IIS ,some-fire-log, 初始化成功
排程  2024/04/18 14:05:59 IIS ,asdsa, 初始化成功
排程  2024/04/18 14:05:59 IIS ,test, 初始化成功
排程  2024/04/18 14:06:49 IIS ,asa, 初始化成功
排程  2024/04/18 14:06:49 IIS ,some-fire-log, 初始化成功
排程  2024/04/18 14:06:49 IIS ,asdsa, 初始化成功
排程  2024/04/18 14:06:49 IIS ,test, 初始化成功
排程  2024/04/18 14:09:43 IIS ,asa, 初始化成功
排程  2024/04/18 14:09:43 IIS ,some-fire-log, 初始化成功
排程  2024/04/18 14:09:43 IIS ,asdsa, 初始化成功
排程  2024/04/18 14:09:43 IIS ,test, 初始化成功
排程  2024/04/18 14:16:09 IIS ,asa, 初始化成功
排程  2024/04/18 14:16:09 IIS ,some-fire-log, 初始化成功
排程  2024/04/18 14:16:09 IIS ,asdsa, 初始化成功
排程  2024/04/18 14:16:09 IIS ,test, 初始化成功
排程  2024/04/18 14:19:05 IIS ,asa, 初始化成功
排程  2024/04/18 14:19:05 IIS ,some-fire-log, 初始化成功
排程  2024/04/18 14:19:05 IIS ,asdsa, 初始化成功
排程  2024/04/18 14:19:05 IIS ,test, 初始化成功
排程  2024/04/18 14:21:06 IIS ,asa, 初始化成功
排程  2024/04/18 14:21:06 IIS ,some-fire-log, 初始化成功
排程  2024/04/18 14:21:06 IIS ,asdsa, 初始化成功
排程  2024/04/18 14:21:06 IIS ,test, 初始化成功
排程  2024/04/18 14:22:12 IIS ,asa, 初始化成功
排程  2024/04/18 14:22:12 IIS ,some-fire-log, 初始化成功
排程  2024/04/18 14:22:12 IIS ,asdsa, 初始化成功
排程  2024/04/18 14:22:12 IIS ,test, 初始化成功
排程  2024/04/18 14:59:47 IIS ,asa, 初始化成功
排程  2024/04/18 14:59:47 IIS ,some-fire-log, 初始化成功
排程  2024/04/18 14:59:47 IIS ,asdsa, 初始化成功
排程  2024/04/18 14:59:47 IIS ,test, 初始化成功
排程  2024/04/18 14:59:48 IIS ,some-fire-logdddddd, 初始化成功
排程  2024/04/18 15:00:14 IIS ,asa, 初始化成功
排程  2024/04/18 15:00:14 IIS ,some-fire-log, 初始化成功
排程  2024/04/18 15:00:14 IIS ,asdsa, 初始化成功
排程  2024/04/18 15:00:14 IIS ,test, 初始化成功
排程  2024/04/18 15:00:14 IIS ,some-fire-logdddddd, 初始化成功
排程  2024/04/18 15:00:28 IIS ,asa, 初始化成功
排程  2024/04/18 15:00:28 IIS ,some-fire-log, 初始化成功
排程  2024/04/18 15:00:28 IIS ,asdsa, 初始化成功
排程  2024/04/18 15:00:28 IIS ,test, 初始化成功
排程  2024/04/18 15:00:28 IIS ,some-fire-logdddddd, 初始化成功
排程  2024/04/18 15:00:55 IIS ,asa, 初始化成功
排程  2024/04/18 15:00:55 IIS ,some-fire-log, 初始化成功
排程  2024/04/18 15:00:55 IIS ,asdsa, 初始化成功
排程  2024/04/18 15:00:55 IIS ,test, 初始化成功
排程  2024/04/18 15:00:55 IIS ,some-fire-logdddddd, 初始化成功
排程  2024/04/18 15:02:28 IIS ,asa, 初始化成功
排程  2024/04/18 15:02:28 IIS ,some-fire-log, 初始化成功
排程  2024/04/18 15:02:28 IIS ,asdsa, 初始化成功
排程  2024/04/18 15:02:28 IIS ,test, 初始化成功
排程  2024/04/18 15:02:28 IIS ,some-fire-logdddddd, 初始化成功
排程  2024/04/18 15:03:51 IIS ,asa, 初始化成功
排程  2024/04/18 15:03:51 IIS ,some-fire-log, 初始化成功
排程  2024/04/18 15:03:51 IIS ,asdsa, 初始化成功
排程  2024/04/18 15:03:51 IIS ,test, 初始化成功
排程  2024/04/18 15:03:51 IIS ,some-fire-logdddddd, 初始化成功
排程  2024/04/18 15:04:03 IIS ,asa, 初始化成功
排程  2024/04/18 15:04:03 IIS ,some-fire-log, 初始化成功
排程  2024/04/18 15:04:03 IIS ,asdsa, 初始化成功
排程  2024/04/18 15:04:03 IIS ,test, 初始化成功
排程  2024/04/18 15:04:03 IIS ,some-fire-logdddddd, 初始化成功
SQL  2024/04/18 15:21:17 SQL Database 連線成功
排程  2024/04/18 15:21:18 target2 ,asa, 初始化成功
排程  2024/04/18 15:21:18 target2 ,some-fire-log, 初始化成功
排程  2024/04/18 15:21:18 target2 ,asdsa, 初始化成功
排程  2024/04/18 15:21:18 target2 ,test, 初始化成功
排程  2024/04/18 15:21:18 IIS ,asa, 初始化成功
排程  2024/04/18 15:21:18 IIS ,some-fire-log, 初始化成功
排程  2024/04/18 15:21:18 IIS ,asdsa, 初始化成功
排程  2024/04/18 15:21:18 IIS ,test, 初始化成功
排程  2024/04/18 15:21:18 IIS ,some-fire-logdddddd, 初始化成功
SQL  2024/04/18 15:26:14 SQL Database 連線成功
排程  2024/04/18 15:26:14 target2 ,asa, 初始化成功
排程  2024/04/18 15:26:14 target2 ,some-fire-log, 初始化成功
排程  2024/04/18 15:26:14 target2 ,asdsa, 初始化成功
排程  2024/04/18 15:26:14 target2 ,test, 初始化成功
排程  2024/04/18 15:26:14 IIS ,asa, 初始化成功
排程  2024/04/18 15:26:14 IIS ,some-fire-log, 初始化成功
排程  2024/04/18 15:26:14 IIS ,asdsa, 初始化成功
排程  2024/04/18 15:26:14 IIS ,test, 初始化成功
排程  2024/04/18 15:26:15 IIS ,some-fire-logdddddd, 初始化成功
SQL  2024/04/18 15:33:10 SQL Database 連線成功
排程  2024/04/18 15:33:10 target2 ,asa, 初始化成功
排程  2024/04/18 15:33:10 target2 ,some-fire-log, 初始化成功
排程  2024/04/18 15:33:10 target2 ,asdsa, 初始化成功
排程  2024/04/18 15:33:10 target2 ,test, 初始化成功
排程  2024/04/18 15:33:10 IIS ,asa, 初始化成功
排程  2024/04/18 15:33:10 IIS ,some-fire-log, 初始化成功
排程  2024/04/18 15:33:10 IIS ,asdsa, 初始化成功
排程  2024/04/18 15:33:10 IIS ,test, 初始化成功
排程  2024/04/18 15:33:10 IIS ,some-fire-logdddddd, 初始化成功
SQL  2024/04/18 15:36:42 SQL Database 連線成功
排程  2024/04/18 15:36:42 target2 ,asa, 初始化成功
排程  2024/04/18 15:36:42 target2 ,some-fire-log, 初始化成功
排程  2024/04/18 15:36:42 target2 ,asdsa, 初始化成功
排程  2024/04/18 15:36:42 target2 ,test, 初始化成功
排程  2024/04/18 15:36:42 IIS ,asa, 初始化成功
排程  2024/04/18 15:36:42 IIS ,some-fire-log, 初始化成功
排程  2024/04/18 15:36:42 IIS ,asdsa, 初始化成功
排程  2024/04/18 15:36:42 IIS ,test, 初始化成功
排程  2024/04/18 15:36:42 IIS ,some-fire-logdddddd, 初始化成功
SQL  2024/04/18 15:39:48 SQL Database 連線成功
排程  2024/04/18 15:39:48 target2 ,asa, 初始化成功
排程  2024/04/18 15:39:48 target2 ,some-fire-log, 初始化成功
排程  2024/04/18 15:39:48 target2 ,asdsa, 初始化成功
排程  2024/04/18 15:39:48 target2 ,test, 初始化成功
排程  2024/04/18 15:39:48 IIS ,asa, 初始化成功
排程  2024/04/18 15:39:48 IIS ,some-fire-log, 初始化成功
排程  2024/04/18 15:39:48 IIS ,asdsa, 初始化成功
排程  2024/04/18 15:39:48 IIS ,test, 初始化成功
排程  2024/04/18 15:39:48 IIS ,some-fire-logdddddd, 初始化成功
SQL  2024/04/18 15:42:26 SQL Database 連線成功
排程  2024/04/18 15:42:26 target2 ,asa, 初始化成功
排程  2024/04/18 15:42:26 target2 ,some-fire-log, 初始化成功
排程  2024/04/18 15:42:26 target2 ,asdsa, 初始化成功
排程  2024/04/18 15:42:26 target2 ,test, 初始化成功
排程  2024/04/18 15:42:26 IIS ,asa, 初始化成功
排程  2024/04/18 15:42:26 IIS ,some-fire-log, 初始化成功
排程  2024/04/18 15:42:26 IIS ,asdsa, 初始化成功
排程  2024/04/18 15:42:26 IIS ,test, 初始化成功
排程  2024/04/18 15:42:26 IIS ,some-fire-logdddddd, 初始化成功
排程  2024/04/18 16:10:31 IIS ,asa, 初始化成功
排程  2024/04/18 16:10:31 IIS ,some-fire-log, 初始化成功
排程  2024/04/18 16:10:31 IIS ,asdsa, 初始化成功
排程  2024/04/18 16:10:31 IIS ,test, 初始化成功
排程  2024/04/18 16:10:31 IIS ,some-fire-logdddddd, 初始化成功
排程  2024/04/18 16:32:10 IIS ,asa, 初始化成功
排程  2024/04/18 16:32:10 IIS ,some-fire-log, 初始化成功
排程  2024/04/18 16:32:10 IIS ,asdsa, 初始化成功
排程  2024/04/18 16:32:10 IIS ,test, 初始化成功
排程  2024/04/18 16:32:10 IIS ,some-fire-logdddddd, 初始化成功
排程  2024/04/18 16:38:29 IIS ,asa, 初始化成功
排程  2024/04/18 16:38:29 IIS ,some-fire-log, 初始化成功
排程  2024/04/18 16:38:29 IIS ,asdsa, 初始化成功
排程  2024/04/18 16:38:29 IIS ,test, 初始化成功
排程  2024/04/18 16:56:31 IIS ,asa, 初始化成功
排程  2024/04/18 16:56:31 IIS ,some-fire-log, 初始化成功
排程  2024/04/18 16:56:31 IIS ,asdsa, 初始化成功
排程  2024/04/18 16:56:31 IIS ,test, 初始化成功
排程  2024/04/18 17:07:01 IIS ,asa, 初始化成功
排程  2024/04/18 17:07:02 IIS ,some-fire-log, 初始化成功
排程  2024/04/18 17:07:02 IIS ,asdsa, 初始化成功
排程  2024/04/18 17:07:02 IIS ,test, 初始化成功
排程  2024/04/18 17:11:16 IIS ,asa, 初始化成功
排程  2024/04/18 17:11:16 IIS ,some-fire-log, 初始化成功
排程  2024/04/18 17:11:16 IIS ,asdsa, 初始化成功
排程  2024/04/18 17:11:16 IIS ,test, 初始化成功
排程  2024/04/18 17:13:57 IIS ,asa, 初始化成功
排程  2024/04/18 17:13:57 IIS ,some-fire-log, 初始化成功
排程  2024/04/18 17:13:57 IIS ,asdsa, 初始化成功
排程  2024/04/18 17:13:57 IIS ,test, 初始化成功
排程  2024/04/18 17:15:22 IIS ,asa, 初始化成功
排程  2024/04/18 17:15:22 IIS ,some-fire-log, 初始化成功
排程  2024/04/18 17:15:22 IIS ,asdsa, 初始化成功
排程  2024/04/18 17:15:22 IIS ,test, 初始化成功
排程  2024/04/18 17:16:51 IIS ,asa, 初始化成功
排程  2024/04/18 17:16:51 IIS ,some-fire-log, 初始化成功
排程  2024/04/18 17:16:51 IIS ,asdsa, 初始化成功
排程  2024/04/18 17:16:51 IIS ,test, 初始化成功
排程  2024/04/18 17:19:09 IIS ,asa, 初始化成功
排程  2024/04/18 17:19:09 IIS ,some-fire-log, 初始化成功
排程  2024/04/18 17:19:09 IIS ,asdsa, 初始化成功
排程  2024/04/18 17:19:09 IIS ,test, 初始化成功
排程  2024/04/18 17:22:30 IIS ,asa, 初始化成功
排程  2024/04/18 17:22:30 IIS ,some-fire-log, 初始化成功
排程  2024/04/18 17:22:30 IIS ,asdsa, 初始化成功
排程  2024/04/18 17:22:30 IIS ,test, 初始化成功
排程  2024/04/18 17:22:42 IIS ,asa, 初始化成功
排程  2024/04/18 17:22:42 IIS ,some-fire-log, 初始化成功
排程  2024/04/18 17:22:42 IIS ,asdsa, 初始化成功
排程  2024/04/18 17:22:42 IIS ,test, 初始化成功
排程  2024/04/18 17:23:05 IIS ,asa, 初始化成功
排程  2024/04/18 17:23:05 IIS ,some-fire-log, 初始化成功
排程  2024/04/18 17:23:05 IIS ,asdsa, 初始化成功
排程  2024/04/18 17:23:05 IIS ,test, 初始化成功
排程  2024/04/18 17:24:12 IIS ,asa, 初始化成功
排程  2024/04/18 17:24:12 IIS ,some-fire-log, 初始化成功
排程  2024/04/18 17:24:12 IIS ,asdsa, 初始化成功
排程  2024/04/18 17:24:12 IIS ,test, 初始化成功
排程  2024/04/18 17:26:53 IIS ,asa, 初始化成功
排程  2024/04/18 17:26:53 IIS ,some-fire-log, 初始化成功
排程  2024/04/18 17:26:53 IIS ,asdsa, 初始化成功
排程  2024/04/18 17:26:53 IIS ,test, 初始化成功
排程  2024/04/18 17:34:57 IIS ,asa, 初始化成功
排程  2024/04/18 17:34:57 IIS ,some-fire-log, 初始化成功
排程  2024/04/18 17:34:57 IIS ,asdsa, 初始化成功
排程  2024/04/18 17:34:57 IIS ,test, 初始化成功
排程  2024/04/18 17:37:26 IIS ,asa, 初始化成功
排程  2024/04/18 17:37:26 IIS ,some-fire-log, 初始化成功
排程  2024/04/18 17:37:26 IIS ,asdsa, 初始化成功
排程  2024/04/18 17:37:26 IIS ,test, 初始化成功
排程  2024/04/18 17:38:10 IIS ,asa, 初始化成功
排程  2024/04/18 17:38:10 IIS ,some-fire-log, 初始化成功
排程  2024/04/18 17:38:10 IIS ,asdsa, 初始化成功
排程  2024/04/18 17:38:10 IIS ,test, 初始化成功
排程  2024/04/18 17:41:23 IIS ,asa, 初始化成功
排程  2024/04/18 17:41:23 IIS ,some-fire-log, 初始化成功
排程  2024/04/18 17:41:24 IIS ,asdsa, 初始化成功
排程  2024/04/18 17:41:24 IIS ,test, 初始化成功
排程  2024/04/18 17:41:27 IIS ,asa, 初始化成功
排程  2024/04/18 17:41:27 IIS ,some-fire-log, 初始化成功
排程  2024/04/18 17:41:27 IIS ,asdsa, 初始化成功
排程  2024/04/18 17:41:27 IIS ,test, 初始化成功
排程  2024/04/18 17:41:29 IIS ,asa, 初始化成功
排程  2024/04/18 17:41:29 IIS ,some-fire-log, 初始化成功
排程  2024/04/18 17:41:29 IIS ,asdsa, 初始化成功
排程  2024/04/18 17:41:29 IIS ,test, 初始化成功
排程  2024/04/18 17:41:30 IIS ,asa, 初始化成功
排程  2024/04/18 17:41:30 IIS ,some-fire-log, 初始化成功
排程  2024/04/18 17:41:30 IIS ,asdsa, 初始化成功
排程  2024/04/18 17:41:30 IIS ,test, 初始化成功
SQL  2024/04/19 14:16:12 SQL Database 連線成功
排程  2024/04/19 14:16:12 target2 ,asa, 初始化成功
排程  2024/04/19 14:16:12 target2 ,some-fire-log, 初始化成功
排程  2024/04/19 14:16:12 target2 ,asdsa, 初始化成功
排程  2024/04/19 14:16:12 target2 ,test, 初始化成功
排程  2024/04/19 14:16:12 IIS ,asa, 初始化成功
排程  2024/04/19 14:16:12 IIS ,some-fire-log, 初始化成功
排程  2024/04/19 14:16:12 IIS ,asdsa, 初始化成功
排程  2024/04/19 14:16:12 IIS ,test, 初始化成功
排程  2024/04/19 14:37:28 IIS ,asa, 初始化成功
排程  2024/04/19 14:37:28 IIS ,some-fire-log, 初始化成功
排程  2024/04/19 14:37:28 IIS ,asdsa, 初始化成功
排程  2024/04/19 14:37:28 IIS ,test, 初始化成功
排程  2024/04/19 14:43:58 IIS ,asa, 初始化成功
排程  2024/04/19 14:43:58 IIS ,some-fire-log, 初始化成功
排程  2024/04/19 14:43:58 IIS ,asdsa, 初始化成功
排程  2024/04/19 14:43:58 IIS ,test, 初始化成功
排程  2024/04/19 14:58:35 IIS ,asa, 初始化成功
排程  2024/04/19 14:58:35 IIS ,some-fire-log, 初始化成功
排程  2024/04/19 14:58:35 IIS ,asdsa, 初始化成功
排程  2024/04/19 14:58:35 IIS ,test, 初始化成功
排程  2024/04/19 14:58:35 IIS ,hjhgf, 初始化成功
排程  2024/04/19 15:00:06 IIS ,asa, 初始化成功
排程  2024/04/19 15:00:06 IIS ,some-fire-log, 初始化成功
排程  2024/04/19 15:00:06 IIS ,asdsa, 初始化成功
排程  2024/04/19 15:00:06 IIS ,test, 初始化成功
排程  2024/04/19 15:00:06 IIS ,hjhgf, 初始化成功
排程  2024/04/19 15:00:31 IIS ,asa, 初始化成功
排程  2024/04/19 15:00:31 IIS ,some-fire-log, 初始化成功
排程  2024/04/19 15:00:31 IIS ,asdsa, 初始化成功
排程  2024/04/19 15:00:31 IIS ,test, 初始化成功
排程  2024/04/19 15:00:31 IIS ,hjhgf, 初始化成功
排程  2024/04/19 15:07:52 IIS ,asa, 初始化成功
排程  2024/04/19 15:07:52 IIS ,some-fire-log, 初始化成功
排程  2024/04/19 15:07:52 IIS ,asdsa, 初始化成功
排程  2024/04/19 15:07:52 IIS ,test, 初始化成功
排程  2024/04/19 15:07:53 IIS ,hjhgf, 初始化成功
排程  2024/04/19 15:07:56 IIS ,asa, 初始化成功
排程  2024/04/19 15:07:56 IIS ,some-fire-log, 初始化成功
排程  2024/04/19 15:07:56 IIS ,asdsa, 初始化成功
排程  2024/04/19 15:07:56 IIS ,test, 初始化成功
排程  2024/04/19 15:07:56 IIS ,hjhgf, 初始化成功
排程  2024/04/19 15:07:57 IIS ,asa, 初始化成功
排程  2024/04/19 15:07:57 IIS ,some-fire-log, 初始化成功
排程  2024/04/19 15:07:57 IIS ,asdsa, 初始化成功
排程  2024/04/19 15:07:57 IIS ,test, 初始化成功
排程  2024/04/19 15:07:57 IIS ,hjhgf, 初始化成功
排程  2024/04/19 15:08:30 IIS ,asa, 初始化成功
排程  2024/04/19 15:08:30 IIS ,some-fire-log, 初始化成功
排程  2024/04/19 15:08:30 IIS ,asdsa, 初始化成功
排程  2024/04/19 15:08:30 IIS ,test, 初始化成功
排程  2024/04/19 15:08:30 IIS ,hjhgf, 初始化成功
排程  2024/04/19 15:08:31 IIS ,asa, 初始化成功
排程  2024/04/19 15:08:31 IIS ,some-fire-log, 初始化成功
排程  2024/04/19 15:08:31 IIS ,asdsa, 初始化成功
排程  2024/04/19 15:08:31 IIS ,test, 初始化成功
排程  2024/04/19 15:08:31 IIS ,hjhgf, 初始化成功
排程  2024/04/19 15:58:09 IIS ,asa, 初始化成功
排程  2024/04/19 15:58:09 IIS ,some-fire-log, 初始化成功
排程  2024/04/19 15:58:09 IIS ,asdsa, 初始化成功
排程  2024/04/19 15:58:09 IIS ,test, 初始化成功
排程  2024/04/19 15:58:09 IIS ,hjhgf, 初始化成功
排程  2024/04/19 15:58:10 IIS ,asa, 初始化成功
排程  2024/04/19 15:58:10 IIS ,some-fire-log, 初始化成功
排程  2024/04/19 15:58:10 IIS ,asdsa, 初始化成功
排程  2024/04/19 15:58:10 IIS ,test, 初始化成功
排程  2024/04/19 15:58:10 IIS ,hjhgf, 初始化成功
排程  2024/04/19 15:59:14 IIS ,asa, 初始化成功
排程  2024/04/19 15:59:14 IIS ,some-fire-log, 初始化成功
排程  2024/04/19 15:59:14 IIS ,asdsa, 初始化成功
排程  2024/04/19 15:59:14 IIS ,test, 初始化成功
排程  2024/04/19 15:59:14 IIS ,hjhgf, 初始化成功
排程  2024/04/19 16:17:05 IIS ,asa, 初始化成功
排程  2024/04/19 16:17:05 IIS ,some-fire-log, 初始化成功
排程  2024/04/19 16:17:05 IIS ,asdsa, 初始化成功
排程  2024/04/19 16:17:05 IIS ,test, 初始化成功
排程  2024/04/19 16:17:05 IIS ,hjhgf, 初始化成功
排程  2024/04/19 16:17:34 IIS ,asa, 初始化成功
排程  2024/04/19 16:17:34 IIS ,some-fire-log, 初始化成功
排程  2024/04/19 16:17:34 IIS ,asdsa, 初始化成功
排程  2024/04/19 16:17:34 IIS ,test, 初始化成功
排程  2024/04/19 16:17:34 IIS ,hjhgf, 初始化成功
排程  2024/04/19 16:17:53 IIS ,asa, 初始化成功
排程  2024/04/19 16:17:53 IIS ,some-fire-log, 初始化成功
排程  2024/04/19 16:17:53 IIS ,asdsa, 初始化成功
排程  2024/04/19 16:17:53 IIS ,test, 初始化成功
排程  2024/04/19 16:17:53 IIS ,hjhgf, 初始化成功
排程  2024/04/19 16:26:25 IIS ,asa, 初始化成功
排程  2024/04/19 16:26:25 IIS ,some-fire-log, 初始化成功
排程  2024/04/19 16:26:25 IIS ,asdsa, 初始化成功
排程  2024/04/19 16:26:25 IIS ,test, 初始化成功
排程  2024/04/19 16:26:25 IIS ,hjhgf, 初始化成功
排程  2024/04/19 16:26:25 IIS ,some-fire-logttttttt, 初始化成功
SQL  2024/04/19 16:28:32 SQL Database 連線成功
排程  2024/04/19 16:28:32 target2 ,asa, 初始化成功
排程  2024/04/19 16:28:32 target2 ,some-fire-log, 初始化成功
排程  2024/04/19 16:28:32 target2 ,asdsa, 初始化成功
排程  2024/04/19 16:28:32 target2 ,test, 初始化成功
排程  2024/04/19 16:28:32 IIS ,asa, 初始化成功
排程  2024/04/19 16:28:32 IIS ,some-fire-log, 初始化成功
排程  2024/04/19 16:28:32 IIS ,asdsa, 初始化成功
排程  2024/04/19 16:28:32 IIS ,test, 初始化成功
排程  2024/04/19 16:28:32 IIS ,hjhgf, 初始化成功
排程  2024/04/19 16:28:32 IIS ,some-fire-logttttttt, 初始化成功
排程  2024/04/19 16:29:25 IIS ,asa, 初始化成功
排程  2024/04/19 16:29:25 IIS ,some-fire-log, 初始化成功
排程  2024/04/19 16:29:25 IIS ,asdsa, 初始化成功
排程  2024/04/19 16:29:25 IIS ,test, 初始化成功
排程  2024/04/19 16:29:25 IIS ,hjhgf, 初始化成功
排程  2024/04/19 16:29:25 IIS ,some-fire-logttttttt, 初始化成功
SQL  2024/04/19 16:29:52 SQL Database 連線成功
排程  2024/04/19 16:29:53 target2 ,asa, 初始化成功
排程  2024/04/19 16:29:53 target2 ,some-fire-log, 初始化成功
排程  2024/04/19 16:29:53 target2 ,asdsa, 初始化成功
排程  2024/04/19 16:29:53 target2 ,test, 初始化成功
排程  2024/04/19 16:29:53 IIS ,asa, 初始化成功
排程  2024/04/19 16:29:53 IIS ,some-fire-log, 初始化成功
排程  2024/04/19 16:29:53 IIS ,asdsa, 初始化成功
排程  2024/04/19 16:29:53 IIS ,test, 初始化成功
排程  2024/04/19 16:29:53 IIS ,hjhgf, 初始化成功
排程  2024/04/19 16:29:53 IIS ,some-fire-logttttttt, 初始化成功
SQL  2024/04/19 16:30:26 SQL Database 連線成功
排程  2024/04/19 16:30:26 target2 ,asa, 初始化成功
排程  2024/04/19 16:30:26 target2 ,some-fire-log, 初始化成功
排程  2024/04/19 16:30:26 target2 ,asdsa, 初始化成功
排程  2024/04/19 16:30:26 target2 ,test, 初始化成功
排程  2024/04/19 16:30:26 IIS ,asa, 初始化成功
排程  2024/04/19 16:30:26 IIS ,some-fire-log, 初始化成功
排程  2024/04/19 16:30:26 IIS ,asdsa, 初始化成功
排程  2024/04/19 16:30:26 IIS ,test, 初始化成功
排程  2024/04/19 16:30:26 IIS ,hjhgf, 初始化成功
排程  2024/04/19 16:30:26 IIS ,some-fire-logttttttt, 初始化成功
SQL  2024/04/19 16:31:14 SQL Database 連線成功
排程  2024/04/19 16:31:14 target2 ,asa, 初始化成功
排程  2024/04/19 16:31:14 target2 ,some-fire-log, 初始化成功
排程  2024/04/19 16:31:14 target2 ,asdsa, 初始化成功
排程  2024/04/19 16:31:14 target2 ,test, 初始化成功
排程  2024/04/19 16:31:14 IIS ,asa, 初始化成功
排程  2024/04/19 16:31:14 IIS ,some-fire-log, 初始化成功
排程  2024/04/19 16:31:14 IIS ,asdsa, 初始化成功
排程  2024/04/19 16:31:14 IIS ,test, 初始化成功
排程  2024/04/19 16:31:14 IIS ,hjhgf, 初始化成功
排程  2024/04/19 16:31:14 IIS ,some-fire-logttttttt, 初始化成功
排程  2024/04/19 16:31:38 IIS ,asa, 初始化成功
排程  2024/04/19 16:31:38 IIS ,some-fire-log, 初始化成功
排程  2024/04/19 16:31:38 IIS ,asdsa, 初始化成功
排程  2024/04/19 16:31:38 IIS ,test, 初始化成功
排程  2024/04/19 16:31:38 IIS ,hjhgf, 初始化成功
排程  2024/04/19 16:31:38 IIS ,some-fire-logttttttt, 初始化成功
排程  2024/04/19 16:31:59 IIS ,asa, 初始化成功
排程  2024/04/19 16:31:59 IIS ,some-fire-log, 初始化成功
排程  2024/04/19 16:31:59 IIS ,asdsa, 初始化成功
排程  2024/04/19 16:31:59 IIS ,test, 初始化成功
排程  2024/04/19 16:31:59 IIS ,hjhgf, 初始化成功
排程  2024/04/19 16:31:59 IIS ,some-fire-logttttttt, 初始化成功
排程  2024/04/19 16:34:53 IIS ,asa, 初始化成功
排程  2024/04/19 16:34:53 IIS ,some-fire-log, 初始化成功
排程  2024/04/19 16:34:53 IIS ,asdsa, 初始化成功
排程  2024/04/19 16:34:53 IIS ,test, 初始化成功
排程  2024/04/19 16:34:53 IIS ,hjhgf, 初始化成功
排程  2024/04/19 16:34:53 IIS ,some-fire-logttttttt, 初始化成功
排程  2024/04/19 16:35:03 IIS ,asa, 初始化成功
排程  2024/04/19 16:35:03 IIS ,some-fire-log, 初始化成功
排程  2024/04/19 16:35:03 IIS ,asdsa, 初始化成功
排程  2024/04/19 16:35:03 IIS ,test, 初始化成功
排程  2024/04/19 16:35:04 IIS ,hjhgf, 初始化成功
排程  2024/04/19 16:35:04 IIS ,some-fire-logttttttt, 初始化成功
排程  2024/04/19 16:35:26 IIS ,asa, 初始化成功
排程  2024/04/19 16:35:26 IIS ,some-fire-log, 初始化成功
排程  2024/04/19 16:35:26 IIS ,asdsa, 初始化成功
排程  2024/04/19 16:35:26 IIS ,test, 初始化成功
排程  2024/04/19 16:35:26 IIS ,hjhgf, 初始化成功
排程  2024/04/19 16:35:26 IIS ,some-fire-logttttttt, 初始化成功
排程  2024/04/19 16:36:36 IIS ,asa, 初始化成功
排程  2024/04/19 16:36:36 IIS ,some-fire-log, 初始化成功
排程  2024/04/19 16:36:36 IIS ,asdsa, 初始化成功
排程  2024/04/19 16:36:36 IIS ,test, 初始化成功
排程  2024/04/19 16:36:37 IIS ,hjhgf, 初始化成功
排程  2024/04/19 16:36:37 IIS ,some-fire-logttttttt, 初始化成功
排程  2024/04/19 16:41:53 IIS ,asa, 初始化成功
排程  2024/04/19 16:41:53 IIS ,some-fire-log, 初始化成功
排程  2024/04/19 16:41:53 IIS ,asdsa, 初始化成功
排程  2024/04/19 16:41:53 IIS ,test, 初始化成功
排程  2024/04/19 16:41:53 IIS ,hjhgf, 初始化成功
排程  2024/04/19 16:41:53 IIS ,some-fire-logttttttt, 初始化成功
排程  2024/04/19 16:42:36 IIS ,asa, 初始化成功
排程  2024/04/19 16:42:36 IIS ,some-fire-log, 初始化成功
排程  2024/04/19 16:42:36 IIS ,asdsa, 初始化成功
排程  2024/04/19 16:42:36 IIS ,test, 初始化成功
排程  2024/04/19 16:42:36 IIS ,hjhgf, 初始化成功
排程  2024/04/19 16:42:36 IIS ,some-fire-logttttttt, 初始化成功
SQL  2024/04/19 16:44:56 SQL Database 連線成功
排程  2024/04/19 16:44:56 target2 ,asa, 初始化成功
排程  2024/04/19 16:44:56 target2 ,some-fire-log, 初始化成功
排程  2024/04/19 16:44:56 target2 ,asdsa, 初始化成功
排程  2024/04/19 16:44:56 target2 ,test, 初始化成功
排程  2024/04/19 16:44:56 IIS ,asa, 初始化成功
排程  2024/04/19 16:44:56 IIS ,some-fire-log, 初始化成功
排程  2024/04/19 16:44:56 IIS ,asdsa, 初始化成功
排程  2024/04/19 16:44:56 IIS ,test, 初始化成功
排程  2024/04/19 16:44:56 IIS ,hjhgf, 初始化成功
排程  2024/04/19 16:44:56 IIS ,some-fire-logttttttt, 初始化成功
排程  2024/04/19 16:45:28 IIS ,asa, 初始化成功
排程  2024/04/19 16:45:28 IIS ,some-fire-log, 初始化成功
排程  2024/04/19 16:45:28 IIS ,asdsa, 初始化成功
排程  2024/04/19 16:45:28 IIS ,test, 初始化成功
排程  2024/04/19 16:45:28 IIS ,hjhgf, 初始化成功
排程  2024/04/19 16:45:28 IIS ,some-fire-logttttttt, 初始化成功
排程  2024/04/19 16:45:51 IIS ,asa, 初始化成功
排程  2024/04/19 16:45:51 IIS ,some-fire-log, 初始化成功
排程  2024/04/19 16:45:51 IIS ,asdsa, 初始化成功
排程  2024/04/19 16:45:51 IIS ,test, 初始化成功
排程  2024/04/19 16:45:51 IIS ,hjhgf, 初始化成功
排程  2024/04/19 16:45:51 IIS ,some-fire-logttttttt, 初始化成功
排程  2024/04/19 16:46:10 IIS ,asa, 初始化成功
排程  2024/04/19 16:46:10 IIS ,some-fire-log, 初始化成功
排程  2024/04/19 16:46:10 IIS ,asdsa, 初始化成功
排程  2024/04/19 16:46:10 IIS ,test, 初始化成功
排程  2024/04/19 16:46:10 IIS ,hjhgf, 初始化成功
排程  2024/04/19 16:46:10 IIS ,some-fire-logttttttt, 初始化成功
SQL  2024/04/19 16:47:52 SQL Database 連線成功
排程  2024/04/19 16:47:52 target2 ,asa, 初始化成功
排程  2024/04/19 16:47:52 target2 ,some-fire-log, 初始化成功
排程  2024/04/19 16:47:52 target2 ,asdsa, 初始化成功
排程  2024/04/19 16:47:52 target2 ,test, 初始化成功
排程  2024/04/19 16:47:52 IIS ,asa, 初始化成功
排程  2024/04/19 16:47:52 IIS ,some-fire-log, 初始化成功
排程  2024/04/19 16:47:52 IIS ,asdsa, 初始化成功
排程  2024/04/19 16:47:52 IIS ,test, 初始化成功
排程  2024/04/19 16:47:52 IIS ,hjhgf, 初始化成功
排程  2024/04/19 16:47:53 IIS ,some-fire-logttttttt, 初始化成功
排程  2024/04/19 16:48:00 IIS ,asa, 初始化成功
排程  2024/04/19 16:48:00 IIS ,some-fire-log, 初始化成功
排程  2024/04/19 16:48:00 IIS ,asdsa, 初始化成功
排程  2024/04/19 16:48:00 IIS ,test, 初始化成功
排程  2024/04/19 16:48:00 IIS ,hjhgf, 初始化成功
排程  2024/04/19 16:48:00 IIS ,some-fire-logttttttt, 初始化成功
SQL  2024/04/19 16:49:00 SQL Database 連線成功
排程  2024/04/19 16:49:00 target2 ,asa, 初始化成功
排程  2024/04/19 16:49:00 target2 ,some-fire-log, 初始化成功
排程  2024/04/19 16:49:00 target2 ,asdsa, 初始化成功
排程  2024/04/19 16:49:01 target2 ,test, 初始化成功
排程  2024/04/19 16:49:01 IIS ,asa, 初始化成功
排程  2024/04/19 16:49:01 IIS ,some-fire-log, 初始化成功
排程  2024/04/19 16:49:01 IIS ,asdsa, 初始化成功
排程  2024/04/19 16:49:01 IIS ,test, 初始化成功
排程  2024/04/19 16:49:01 IIS ,hjhgf, 初始化成功
排程  2024/04/19 16:49:01 IIS ,some-fire-logttttttt, 初始化成功
排程  2024/04/19 16:49:05 IIS ,asa, 初始化成功
排程  2024/04/19 16:49:05 IIS ,some-fire-log, 初始化成功
排程  2024/04/19 16:49:05 IIS ,asdsa, 初始化成功
排程  2024/04/19 16:49:05 IIS ,test, 初始化成功
排程  2024/04/19 16:49:06 IIS ,hjhgf, 初始化成功
排程  2024/04/19 16:49:06 IIS ,some-fire-logttttttt, 初始化成功
排程  2024/04/19 17:59:47 IIS ,asa, 初始化成功
排程  2024/04/19 17:59:47 IIS ,some-fire-log, 初始化成功
排程  2024/04/19 17:59:47 IIS ,asdsa, 初始化成功
排程  2024/04/19 17:59:47 IIS ,test, 初始化成功
排程  2024/04/19 17:59:47 IIS ,hjhgf, 初始化成功
排程  2024/04/19 17:59:47 IIS ,some-fire-logttttttt, 初始化成功
SQL  2024/04/22 12:05:53 SQL Database 連線成功
排程  2024/04/22 12:05:53 target2 ,asa, 初始化成功
排程  2024/04/22 12:05:53 target2 ,some-fire-log, 初始化成功
排程  2024/04/22 12:05:53 target2 ,asdsa, 初始化成功
排程  2024/04/22 12:05:53 target2 ,test, 初始化成功
排程  2024/04/22 12:05:53 IIS ,asa, 初始化成功
排程  2024/04/22 12:05:53 IIS ,some-fire-log, 初始化成功
排程  2024/04/22 12:05:53 IIS ,asdsa, 初始化成功
排程  2024/04/22 12:05:53 IIS ,test, 初始化成功
排程  2024/04/22 12:05:53 IIS ,hjhgf, 初始化成功
排程  2024/04/22 12:05:53 IIS ,some-fire-logttttttt, 初始化成功
排程  2024/04/22 12:08:17 IIS ,asa, 初始化成功
排程  2024/04/22 12:08:17 IIS ,some-fire-log, 初始化成功
排程  2024/04/22 12:08:17 IIS ,asdsa, 初始化成功
排程  2024/04/22 12:08:17 IIS ,test, 初始化成功
排程  2024/04/22 12:08:17 IIS ,hjhgf, 初始化成功
排程  2024/04/22 12:08:17 IIS ,some-fire-logttttttt, 初始化成功
排程  2024/04/22 12:08:23 IIS ,asa, 初始化成功
排程  2024/04/22 12:08:23 IIS ,some-fire-log, 初始化成功
排程  2024/04/22 12:08:23 IIS ,asdsa, 初始化成功
排程  2024/04/22 12:08:23 IIS ,test, 初始化成功
排程  2024/04/22 12:08:23 IIS ,hjhgf, 初始化成功
排程  2024/04/22 12:08:23 IIS ,some-fire-logttttttt, 初始化成功
排程  2024/04/22 12:15:01 IIS ,asa, 初始化成功
排程  2024/04/22 12:15:01 IIS ,some-fire-log, 初始化成功
排程  2024/04/22 12:15:01 IIS ,asdsa, 初始化成功
排程  2024/04/22 12:15:01 IIS ,test, 初始化成功
排程  2024/04/22 12:15:01 IIS ,hjhgf, 初始化成功
排程  2024/04/22 12:15:01 IIS ,some-fire-logttttttt, 初始化成功
排程  2024/04/22 12:15:15 IIS ,asa, 初始化成功
排程  2024/04/22 12:15:15 IIS ,some-fire-log, 初始化成功
排程  2024/04/22 12:15:15 IIS ,asdsa, 初始化成功
排程  2024/04/22 12:15:15 IIS ,test, 初始化成功
排程  2024/04/22 12:15:15 IIS ,hjhgf, 初始化成功
排程  2024/04/22 12:15:15 IIS ,some-fire-logttttttt, 初始化成功
排程  2024/04/22 12:15:36 IIS ,asa, 初始化成功
排程  2024/04/22 12:15:36 IIS ,some-fire-log, 初始化成功
排程  2024/04/22 12:15:36 IIS ,asdsa, 初始化成功
排程  2024/04/22 12:15:36 IIS ,test, 初始化成功
排程  2024/04/22 12:15:36 IIS ,hjhgf, 初始化成功
排程  2024/04/22 12:15:36 IIS ,some-fire-logttttttt, 初始化成功
排程  2024/04/22 12:17:07 IIS ,asa, 初始化成功
排程  2024/04/22 12:17:07 IIS ,some-fire-log, 初始化成功
排程  2024/04/22 12:17:07 IIS ,asdsa, 初始化成功
排程  2024/04/22 12:17:07 IIS ,test, 初始化成功
排程  2024/04/22 12:17:07 IIS ,hjhgf, 初始化成功
排程  2024/04/22 12:17:07 IIS ,some-fire-logttttttt, 初始化成功
SQL  2024/04/22 12:21:47 SQL Database 連線成功
排程  2024/04/22 12:21:47 target2 ,asa, 初始化成功
排程  2024/04/22 12:21:47 target2 ,some-fire-log, 初始化成功
排程  2024/04/22 12:21:47 target2 ,asdsa, 初始化成功
排程  2024/04/22 12:21:47 target2 ,test, 初始化成功
排程  2024/04/22 12:21:47 IIS ,asa, 初始化成功
排程  2024/04/22 12:21:47 IIS ,some-fire-log, 初始化成功
排程  2024/04/22 12:21:47 IIS ,asdsa, 初始化成功
排程  2024/04/22 12:21:47 IIS ,test, 初始化成功
排程  2024/04/22 12:21:47 IIS ,hjhgf, 初始化成功
排程  2024/04/22 12:21:47 IIS ,some-fire-logttttttt, 初始化成功
排程  2024/04/22 12:22:02 IIS ,asa, 初始化成功
排程  2024/04/22 12:22:02 IIS ,some-fire-log, 初始化成功
排程  2024/04/22 12:22:03 IIS ,asdsa, 初始化成功
排程  2024/04/22 12:22:03 IIS ,test, 初始化成功
排程  2024/04/22 12:22:03 IIS ,hjhgf, 初始化成功
排程  2024/04/22 12:22:03 IIS ,some-fire-logttttttt, 初始化成功
排程  2024/04/22 12:29:25 IIS ,asa, 初始化成功
排程  2024/04/22 12:29:25 IIS ,some-fire-log, 初始化成功
排程  2024/04/22 12:29:26 IIS ,asdsa, 初始化成功
排程  2024/04/22 12:29:26 IIS ,test, 初始化成功
排程  2024/04/22 12:29:26 IIS ,hjhgf, 初始化成功
排程  2024/04/22 12:29:26 IIS ,some-fire-logttttttt, 初始化成功
SQL  2024/04/22 12:42:51 SQL Database 連線成功
排程  2024/04/22 12:42:51 target2 ,asa, 初始化成功
排程  2024/04/22 12:42:51 target2 ,some-fire-log, 初始化成功
排程  2024/04/22 12:42:51 target2 ,asdsa, 初始化成功
排程  2024/04/22 12:42:51 target2 ,test, 初始化成功
排程  2024/04/22 12:42:51 IIS ,asa, 初始化成功
排程  2024/04/22 12:42:51 IIS ,some-fire-log, 初始化成功
排程  2024/04/22 12:42:51 IIS ,asdsa, 初始化成功
排程  2024/04/22 12:42:51 IIS ,test, 初始化成功
排程  2024/04/22 12:42:52 IIS ,hjhgf, 初始化成功
排程  2024/04/22 12:42:52 IIS ,some-fire-logttttttt, 初始化成功
排程  2024/04/22 12:43:08 IIS ,asa, 初始化成功
排程  2024/04/22 12:43:08 IIS ,some-fire-log, 初始化成功
排程  2024/04/22 12:43:08 IIS ,asdsa, 初始化成功
排程  2024/04/22 12:43:08 IIS ,test, 初始化成功
排程  2024/04/22 12:43:08 IIS ,some-fire-logttttttt, 初始化成功
排程  2024/04/22 12:43:14 IIS ,asa, 初始化成功
排程  2024/04/22 12:43:14 IIS ,some-fire-log, 初始化成功
排程  2024/04/22 12:43:14 IIS ,asdsa, 初始化成功
排程  2024/04/22 12:43:14 IIS ,test, 初始化成功
排程  2024/04/22 12:43:52 IIS ,asa, 初始化成功
排程  2024/04/22 12:43:52 IIS ,some-fire-log, 初始化成功
排程  2024/04/22 12:43:52 IIS ,asdsa, 初始化成功
排程  2024/04/22 12:43:59 IIS ,asa, 初始化成功
排程  2024/04/22 12:43:59 IIS ,some-fire-log, 初始化成功
排程  2024/04/22 13:39:34 target2 ,asa, 初始化成功
排程  2024/04/22 13:39:34 target2 ,some-fire-log, 初始化成功
排程  2024/04/22 13:39:34 target2 ,asdsa, 初始化成功
排程  2024/04/22 13:39:48 target2 ,asa, 初始化成功
排程  2024/04/22 13:39:48 target2 ,some-fire-log, 初始化成功
排程  2024/04/22 13:48:50 IIS ,asa, 初始化成功
排程  2024/04/22 13:48:50 IIS ,asdsa, 初始化成功
排程  2024/04/22 13:49:03 target2 ,asa, 初始化成功
排程  2024/04/22 13:49:03 target2 ,some-fire-logttttttt, 初始化成功
排程  2024/04/22 13:50:51 IIS ,asa, 初始化成功
排程  2024/04/22 13:52:13 IIS ,asa, 初始化成功
排程  2024/04/22 13:52:13 IIS ,some-fire-log, 初始化成功
排程  2024/04/22 13:52:17 IIS ,asa, 初始化成功
SQL  2024/04/29 11:01:34 SQL Database 連線成功
排程  2024/04/29 11:01:34 target2 ,asa, 初始化成功
排程  2024/04/29 11:01:34 target2 ,some-fire-logttttttt, 初始化成功
排程  2024/04/29 11:01:34 IIS ,asa, 初始化成功
排程  2024/04/29 11:03:49 IIS ,asa, 初始化成功
排程  2024/04/29 11:03:49 IIS ,asdsa, 初始化成功
排程  2024/04/29 11:03:53 IIS ,asa, 初始化成功
排程  2024/04/29 11:08:57 IIS ,test, 初始化成功
排程  2024/04/29 11:12:31 IIS ,some-fire-log, 初始化成功
排程  2024/04/29 11:12:31 IIS ,test, 初始化成功
排程  2024/04/29 11:16:34 IIS ,some-fire-log, 初始化成功
排程  2024/04/29 11:31:54 IIS ,test, 初始化成功
排程  2024/04/29 11:33:10 IIS ,some-fire-log, 初始化成功
排程  2024/04/29 11:33:10 IIS ,test, 初始化成功
排程  2024/04/29 11:36:26 IIS ,test, 初始化成功
排程  2024/04/29 11:37:56 IIS ,some-fire-log, 初始化成功
排程  2024/04/29 11:37:56 IIS ,test, 初始化成功
排程  2024/04/29 11:37:59 IIS ,test, 初始化成功
排程  2024/04/29 11:39:55 IIS ,some-fire-log, 初始化成功
排程  2024/04/29 11:39:55 IIS ,test, 初始化成功
排程  2024/04/29 11:40:00 IIS ,test, 初始化成功
排程  2024/04/29 11:44:01 IIS ,some-fire-log, 初始化成功
排程  2024/04/29 11:44:01 IIS ,test, 初始化成功
排程  2024/04/29 11:44:06 IIS ,test, 初始化成功
排程  2024/04/29 11:47:21 IIS ,test, 初始化成功
排程  2024/04/29 11:47:36 IIS ,some-fire-log, 初始化成功
排程  2024/04/29 11:47:36 IIS ,test, 初始化成功
排程  2024/04/29 11:47:41 IIS ,test, 初始化成功
排程  2024/04/29 11:52:07 IIS ,some-fire-log, 初始化成功
排程  2024/04/29 11:52:07 IIS ,test, 初始化成功
排程  2024/04/29 11:53:35 IIS ,test, 初始化成功
排程  2024/04/29 11:53:45 target2 ,asa, 初始化成功
SQL  2024/04/29 16:37:53 SQL Database 連線成功
排程  2024/04/29 16:37:53 target2 ,asa, 初始化成功
排程  2024/04/29 16:37:53 IIS ,test, 初始化成功
排程  2024/04/29 16:55:57 target2 ,asa, 初始化成功
排程  2024/04/29 16:55:57 target2 ,some-fire-log, 初始化成功
SQL  2024/04/30 11:23:44 SQL Database 連線成功
排程  2024/04/30 11:23:44 target2 ,asa, 初始化成功
排程  2024/04/30 11:23:44 target2 ,some-fire-log, 初始化成功
排程  2024/04/30 11:23:44 IIS ,test, 初始化成功
排程  2024/04/30 11:28:32 IIS ,asa, 初始化成功
排程  2024/04/30 11:28:32 IIS ,test, 初始化成功
SQL  2024/04/30 12:33:53 SQL Database 連線成功
排程  2024/04/30 12:33:53 target2 ,asa, 初始化成功
排程  2024/04/30 12:33:53 target2 ,some-fire-log, 初始化成功
排程  2024/04/30 12:33:54 IIS ,asa, 初始化成功
排程  2024/04/30 12:33:54 IIS ,test, 初始化成功
排程  2024/04/30 13:48:58 IIS ,test, 初始化成功
